Vivado Simulator v2021.2
Copyright 1986-1999, 2001-2021 Xilinx, Inc. All Rights Reserved.
Running: /home/Xilinx/Vivado/2021.2/bin/unwrapped/lnx64.o/xelab --incr --debug off --relax --mt 8 -sv_root /home/Xilinx/Vivado/2021.2/data/simmodels/xsim/2021.2/lnx64/6.2.0/ext/protobuf -sc_lib libprotobuf.so --include /home/Xilinx/Vivado/2021.2/data/simmodels/xsim/2021.2/lnx64/6.2.0/ext/protobuf/include -sv_root /home/Xilinx/Vivado/2021.2/data/xsim/ip/xtlm -sc_lib libxtlm.so --include /home/Xilinx/Vivado/2021.2/data/xsim/ip/xtlm/include -sv_root /home/Xilinx/Vivado/2021.2/data/xsim/ip/xtlm_simple_interconnect_v1_0 -sc_lib libxtlm_simple_interconnect_v1_0.so --include /home/Xilinx/Vivado/2021.2/data/xsim/ip/xtlm_simple_interconnect_v1_0/include -sv_root /home/Xilinx/Vivado/2021.2/data/xsim/ip/common_cpp_v1_0 -sc_lib libcommon_cpp_v1_0.so --include /home/Xilinx/Vivado/2021.2/data/xsim/ip/common_cpp_v1_0/include -sv_root /home/Xilinx/Vivado/2021.2/data/xsim/ip/emu_perf_common_v1_0 -sc_lib libemu_perf_common_v1_0.so --include /home/Xilinx/Vivado/2021.2/data/xsim/ip/emu_perf_common_v1_0/include --include ../../../../prj.ip_user_files/bd/emu/ip/emu_sim_embedded_scheduler_sw_0_0/src --include ../../../../prj.ip_user_files/bd/emu/ip/emu_sim_embedded_scheduler_sw_0_0/sim --include ../../../../prj.ip_user_files/bd/emu/ip/emu_sim_xdma_0_0/src/common --include ../../../../prj.ip_user_files/bd/emu/ip/emu_sim_xdma_0_0/src/cpp_src --include ../../../../prj.ip_user_files/bd/emu/ip/emu_sim_xdma_0_0/src/sysc_src --include ../../../../prj.ip_user_files/bd/emu/ip/emu_sim_xdma_0_0/sim --include ../../../../prj.ip_user_files/bd/emu/ip/emu_xtlm_simple_intercon_0_0/src --include ../../../../prj.ip_user_files/bd/emu/ip/emu_xtlm_simple_intercon_0_0/sim --include ../../../../prj.ip_user_files/bd/emu/ip/emu_memory_subsystem_0/bd_0/ip/ip_0/src --include ../../../../prj.ip_user_files/bd/emu/ip/emu_memory_subsystem_0/bd_0/ip/ip_0/sim --include ../../../../prj.ip_user_files/bd/emu/ip/emu_memory_subsystem_0/bd_0/ip/ip_1/src --include ../../../../prj.ip_user_files/bd/emu/ip/emu_memory_subsystem_0/bd_0/ip/ip_1/sim --include ../../../../prj.ip_user_files/bd/emu/ip/emu_memory_subsystem_0/bd_0/ip/ip_2/src --include ../../../../prj.ip_user_files/bd/emu/ip/emu_memory_subsystem_0/bd_0/ip/ip_2/sim --include ../../../../prj.ip_user_files/bd/emu/ip/emu_memory_subsystem_0/bd_0/ip/ip_3/src --include ../../../../prj.ip_user_files/bd/emu/ip/emu_memory_subsystem_0/bd_0/ip/ip_3/sim --include ../../../../prj.ip_user_files/bd/emu/ip/emu_memory_subsystem_0/bd_0/ip/ip_4/src --include ../../../../prj.ip_user_files/bd/emu/ip/emu_memory_subsystem_0/bd_0/ip/ip_4/sim --include ../../../../prj.ip_user_files/bd/emu/ip/emu_memory_subsystem_0/bd_0/ip/ip_5/src --include ../../../../prj.ip_user_files/bd/emu/ip/emu_memory_subsystem_0/bd_0/ip/ip_5/sim --include ../../../../prj.ip_user_files/bd/emu/ip/emu_memory_subsystem_0/bd_0/ip/ip_6/src --include ../../../../prj.ip_user_files/bd/emu/ip/emu_memory_subsystem_0/bd_0/ip/ip_6/sim --include ../../../../prj.ip_user_files/bd/emu/ip/emu_memory_subsystem_0/bd_0/sim --include ../../../../prj.ip_user_files/bd/emu/ip/emu_memory_subsystem_0/sim --include ../../../../prj.ip_user_files/bd/emu/ip/emu_sim_ddr_0_0/sim_tlm/common --include ../../../../prj.ip_user_files/bd/emu/ip/emu_sim_ddr_0_0/sim_tlm/axi_crossbar/systemc_srcs --include ../../../../prj.ip_user_files/bd/emu/ip/emu_sim_ddr_0_0/sim_tlm/top --include ../../../../prj.ip_user_files/bd/emu/ip/emu_sim_ddr_0_0/sim_tlm/ddr_model/cpp_srcs --include ../../../../prj.ip_user_files/bd/emu/ip/emu_sim_ddr_0_0/sim_tlm/ddr_model/systemc_srcs --include ../../../../prj.ip_user_files/bd/emu/ip/emu_sim_ddr_0_0/sim --include ../../../../prj.ip_user_files/bd/emu/ip/emu_sim_ddr_1_0/sim_tlm/common --include ../../../../prj.ip_user_files/bd/emu/ip/emu_sim_ddr_1_0/sim_tlm/axi_crossbar/systemc_srcs --include ../../../../prj.ip_user_files/bd/emu/ip/emu_sim_ddr_1_0/sim_tlm/top --include ../../../../prj.ip_user_files/bd/emu/ip/emu_sim_ddr_1_0/sim_tlm/ddr_model/cpp_srcs --include ../../../../prj.ip_user_files/bd/emu/ip/emu_sim_ddr_1_0/sim_tlm/ddr_model/systemc_srcs --include ../../../../prj.ip_user_files/bd/emu/ip/emu_sim_ddr_1_0/sim --include ../../../../prj.ip_user_files/bd/emu/ip/emu_hmss_0_0/bd_0/ip/ip_0/src --include ../../../../prj.ip_user_files/bd/emu/ip/emu_hmss_0_0/bd_0/ip/ip_0/sim --include ../../../../prj.ip_user_files/bd/emu/ip/emu_hmss_0_0/bd_0/ip/ip_1/src --include ../../../../prj.ip_user_files/bd/emu/ip/emu_hmss_0_0/bd_0/ip/ip_1/sim --include ../../../../prj.ip_user_files/bd/emu/ip/emu_hmss_0_0/bd_0/ip/ip_2/src --include ../../../../prj.ip_user_files/bd/emu/ip/emu_hmss_0_0/bd_0/ip/ip_2/sim --include ../../../../prj.ip_user_files/bd/emu/ip/emu_hmss_0_0/bd_0/ip/ip_3/src --include ../../../../prj.ip_user_files/bd/emu/ip/emu_hmss_0_0/bd_0/ip/ip_3/sim --include ../../../../prj.ip_user_files/bd/emu/ip/emu_hmss_0_0/bd_0/ip/ip_4/src --include ../../../../prj.ip_user_files/bd/emu/ip/emu_hmss_0_0/bd_0/ip/ip_4/sim --include ../../../../prj.ip_user_files/bd/emu/ip/emu_hmss_0_0/bd_0/ip/ip_5/src --include ../../../../prj.ip_user_files/bd/emu/ip/emu_hmss_0_0/bd_0/ip/ip_5/sim --include ../../../../prj.ip_user_files/bd/emu/ip/emu_hmss_0_0/bd_0/ip/ip_6/src --include ../../../../prj.ip_user_files/bd/emu/ip/emu_hmss_0_0/bd_0/ip/ip_6/sim --include ../../../../prj.ip_user_files/bd/emu/ip/emu_hmss_0_0/bd_0/ip/ip_7/src --include ../../../../prj.ip_user_files/bd/emu/ip/emu_hmss_0_0/bd_0/ip/ip_7/sim --include ../../../../prj.ip_user_files/bd/emu/ip/emu_hmss_0_0/bd_0/ip/ip_8/src --include ../../../../prj.ip_user_files/bd/emu/ip/emu_hmss_0_0/bd_0/ip/ip_8/sim --include ../../../../prj.ip_user_files/bd/emu/ip/emu_hmss_0_0/bd_0/ip/ip_9/src --include ../../../../prj.ip_user_files/bd/emu/ip/emu_hmss_0_0/bd_0/ip/ip_9/sim --include ../../../../prj.ip_user_files/bd/emu/ip/emu_hmss_0_0/bd_0/ip/ip_10/src --include ../../../../prj.ip_user_files/bd/emu/ip/emu_hmss_0_0/bd_0/ip/ip_10/sim --include ../../../../prj.ip_user_files/bd/emu/ip/emu_hmss_0_0/bd_0/ip/ip_11/src --include ../../../../prj.ip_user_files/bd/emu/ip/emu_hmss_0_0/bd_0/ip/ip_11/sim --include ../../../../prj.ip_user_files/bd/emu/ip/emu_hmss_0_0/bd_0/ip/ip_12/src --include ../../../../prj.ip_user_files/bd/emu/ip/emu_hmss_0_0/bd_0/ip/ip_12/sim --include ../../../../prj.ip_user_files/bd/emu/ip/emu_hmss_0_0/bd_0/ip/ip_13/src --include ../../../../prj.ip_user_files/bd/emu/ip/emu_hmss_0_0/bd_0/ip/ip_13/sim --include ../../../../prj.ip_user_files/bd/emu/ip/emu_hmss_0_0/bd_0/ip/ip_14/src --include ../../../../prj.ip_user_files/bd/emu/ip/emu_hmss_0_0/bd_0/ip/ip_14/sim --include ../../../../prj.ip_user_files/bd/emu/ip/emu_hmss_0_0/bd_0/ip/ip_15/src --include ../../../../prj.ip_user_files/bd/emu/ip/emu_hmss_0_0/bd_0/ip/ip_15/sim --include ../../../../prj.ip_user_files/bd/emu/ip/emu_hmss_0_0/bd_0/ip/ip_16/src --include ../../../../prj.ip_user_files/bd/emu/ip/emu_hmss_0_0/bd_0/ip/ip_16/sim --include ../../../../prj.ip_user_files/bd/emu/ip/emu_hmss_0_0/bd_0/ip/ip_17/src --include ../../../../prj.ip_user_files/bd/emu/ip/emu_hmss_0_0/bd_0/ip/ip_17/sim --include ../../../../prj.ip_user_files/bd/emu/ip/emu_hmss_0_0/bd_0/ip/ip_18/src --include ../../../../prj.ip_user_files/bd/emu/ip/emu_hmss_0_0/bd_0/ip/ip_18/sim --include ../../../../prj.ip_user_files/bd/emu/ip/emu_hmss_0_0/bd_0/ip/ip_19/src --include ../../../../prj.ip_user_files/bd/emu/ip/emu_hmss_0_0/bd_0/ip/ip_19/sim --include ../../../../prj.ip_user_files/bd/emu/ip/emu_hmss_0_0/bd_0/ip/ip_20/src --include ../../../../prj.ip_user_files/bd/emu/ip/emu_hmss_0_0/bd_0/ip/ip_20/sim --include ../../../../prj.ip_user_files/bd/emu/ip/emu_hmss_0_0/bd_0/ip/ip_21/src --include ../../../../prj.ip_user_files/bd/emu/ip/emu_hmss_0_0/bd_0/ip/ip_21/sim --include ../../../../prj.ip_user_files/bd/emu/ip/emu_hmss_0_0/bd_0/ip/ip_22/src --include ../../../../prj.ip_user_files/bd/emu/ip/emu_hmss_0_0/bd_0/ip/ip_22/sim --include ../../../../prj.ip_user_files/bd/emu/ip/emu_hmss_0_0/bd_0/ip/ip_23/src --include ../../../../prj.ip_user_files/bd/emu/ip/emu_hmss_0_0/bd_0/ip/ip_23/sim --include ../../../../prj.ip_user_files/bd/emu/ip/emu_hmss_0_0/bd_0/ip/ip_24/src --include ../../../../prj.ip_user_files/bd/emu/ip/emu_hmss_0_0/bd_0/ip/ip_24/sim --include ../../../../prj.ip_user_files/bd/emu/ip/emu_hmss_0_0/bd_0/ip/ip_25/src --include ../../../../prj.ip_user_files/bd/emu/ip/emu_hmss_0_0/bd_0/ip/ip_25/sim --include ../../../../prj.ip_user_files/bd/emu/ip/emu_hmss_0_0/bd_0/ip/ip_26/src --include ../../../../prj.ip_user_files/bd/emu/ip/emu_hmss_0_0/bd_0/ip/ip_26/sim --include ../../../../prj.ip_user_files/bd/emu/ip/emu_hmss_0_0/bd_0/ip/ip_27/src --include ../../../../prj.ip_user_files/bd/emu/ip/emu_hmss_0_0/bd_0/ip/ip_27/sim --include ../../../../prj.ip_user_files/bd/emu/ip/emu_hmss_0_0/bd_0/ip/ip_28/src --include ../../../../prj.ip_user_files/bd/emu/ip/emu_hmss_0_0/bd_0/ip/ip_28/sim --include ../../../../prj.ip_user_files/bd/emu/ip/emu_hmss_0_0/bd_0/ip/ip_29/src --include ../../../../prj.ip_user_files/bd/emu/ip/emu_hmss_0_0/bd_0/ip/ip_29/sim --include ../../../../prj.ip_user_files/bd/emu/ip/emu_hmss_0_0/bd_0/ip/ip_30/src --include ../../../../prj.ip_user_files/bd/emu/ip/emu_hmss_0_0/bd_0/ip/ip_30/sim --include ../../../../prj.ip_user_files/bd/emu/ip/emu_hmss_0_0/bd_0/ip/ip_31/src --include ../../../../prj.ip_user_files/bd/emu/ip/emu_hmss_0_0/bd_0/ip/ip_31/sim --include ../../../../prj.ip_user_files/bd/emu/ip/emu_hmss_0_0/bd_0/ip/ip_32/src --include ../../../../prj.ip_user_files/bd/emu/ip/emu_hmss_0_0/bd_0/ip/ip_32/sim --include ../../../../prj.ip_user_files/bd/emu/ip/emu_hmss_0_0/bd_0/ip/ip_33/src --include ../../../../prj.ip_user_files/bd/emu/ip/emu_hmss_0_0/bd_0/ip/ip_33/sim --include ../../../../prj.ip_user_files/bd/emu/ip/emu_hmss_0_0/bd_0/ip/ip_34/src --include ../../../../prj.ip_user_files/bd/emu/ip/emu_hmss_0_0/bd_0/ip/ip_34/sim --include ../../../../prj.ip_user_files/bd/emu/ip/emu_hmss_0_0/bd_0/ip/ip_35/src --include ../../../../prj.ip_user_files/bd/emu/ip/emu_hmss_0_0/bd_0/ip/ip_35/sim --include ../../../../prj.ip_user_files/bd/emu/ip/emu_hmss_0_0/bd_0/ip/ip_36/src --include ../../../../prj.ip_user_files/bd/emu/ip/emu_hmss_0_0/bd_0/ip/ip_36/sim --include ../../../../prj.ip_user_files/bd/emu/ip/emu_hmss_0_0/bd_0/ip/ip_37/src --include ../../../../prj.ip_user_files/bd/emu/ip/emu_hmss_0_0/bd_0/ip/ip_37/sim --include ../../../../prj.ip_user_files/bd/emu/ip/emu_hmss_0_0/bd_0/ip/ip_38/src --include ../../../../prj.ip_user_files/bd/emu/ip/emu_hmss_0_0/bd_0/ip/ip_38/sim --include ../../../../prj.ip_user_files/bd/emu/ip/emu_hmss_0_0/bd_0/ip/ip_39/src --include ../../../../prj.ip_user_files/bd/emu/ip/emu_hmss_0_0/bd_0/ip/ip_39/sim --include ../../../../prj.ip_user_files/bd/emu/ip/emu_hmss_0_0/bd_0/ip/ip_40/src --include ../../../../prj.ip_user_files/bd/emu/ip/emu_hmss_0_0/bd_0/ip/ip_40/sim --include ../../../../prj.ip_user_files/bd/emu/ip/emu_hmss_0_0/bd_0/ip/ip_41/src --include ../../../../prj.ip_user_files/bd/emu/ip/emu_hmss_0_0/bd_0/ip/ip_41/sim --include ../../../../prj.ip_user_files/bd/emu/ip/emu_hmss_0_0/bd_0/ip/ip_42/src --include ../../../../prj.ip_user_files/bd/emu/ip/emu_hmss_0_0/bd_0/ip/ip_42/sim --include ../../../../prj.ip_user_files/bd/emu/ip/emu_hmss_0_0/bd_0/ip/ip_43/src --include ../../../../prj.ip_user_files/bd/emu/ip/emu_hmss_0_0/bd_0/ip/ip_43/sim --include ../../../../prj.ip_user_files/bd/emu/ip/emu_hmss_0_0/bd_0/ip/ip_44/src --include ../../../../prj.ip_user_files/bd/emu/ip/emu_hmss_0_0/bd_0/ip/ip_44/sim --include ../../../../prj.ip_user_files/bd/emu/ip/emu_hmss_0_0/bd_0/ip/ip_45/src --include ../../../../prj.ip_user_files/bd/emu/ip/emu_hmss_0_0/bd_0/ip/ip_45/sim --include ../../../../prj.ip_user_files/bd/emu/ip/emu_hmss_0_0/bd_0/ip/ip_46/src --include ../../../../prj.ip_user_files/bd/emu/ip/emu_hmss_0_0/bd_0/ip/ip_46/sim --include ../../../../prj.ip_user_files/bd/emu/ip/emu_hmss_0_0/bd_0/ip/ip_47/src --include ../../../../prj.ip_user_files/bd/emu/ip/emu_hmss_0_0/bd_0/ip/ip_47/sim --include ../../../../prj.ip_user_files/bd/emu/ip/emu_hmss_0_0/bd_0/ip/ip_48/src --include ../../../../prj.ip_user_files/bd/emu/ip/emu_hmss_0_0/bd_0/ip/ip_48/sim --include ../../../../prj.ip_user_files/bd/emu/ip/emu_hmss_0_0/bd_0/ip/ip_49/src --include ../../../../prj.ip_user_files/bd/emu/ip/emu_hmss_0_0/bd_0/ip/ip_49/sim --include ../../../../prj.ip_user_files/bd/emu/ip/emu_hmss_0_0/bd_0/ip/ip_50/src --include ../../../../prj.ip_user_files/bd/emu/ip/emu_hmss_0_0/bd_0/ip/ip_50/sim --include ../../../../prj.ip_user_files/bd/emu/ip/emu_hmss_0_0/bd_0/ip/ip_51/src --include ../../../../prj.ip_user_files/bd/emu/ip/emu_hmss_0_0/bd_0/ip/ip_51/sim --include ../../../../prj.ip_user_files/bd/emu/ip/emu_hmss_0_0/bd_0/ip/ip_52/src --include ../../../../prj.ip_user_files/bd/emu/ip/emu_hmss_0_0/bd_0/ip/ip_52/sim --include ../../../../prj.ip_user_files/bd/emu/ip/emu_hmss_0_0/bd_0/ip/ip_53/src --include ../../../../prj.ip_user_files/bd/emu/ip/emu_hmss_0_0/bd_0/ip/ip_53/sim --include ../../../../prj.ip_user_files/bd/emu/ip/emu_hmss_0_0/bd_0/ip/ip_54/src --include ../../../../prj.ip_user_files/bd/emu/ip/emu_hmss_0_0/bd_0/ip/ip_54/sim --include ../../../../prj.ip_user_files/bd/emu/ip/emu_hmss_0_0/bd_0/ip/ip_55/src --include ../../../../prj.ip_user_files/bd/emu/ip/emu_hmss_0_0/bd_0/ip/ip_55/sim --include ../../../../prj.ip_user_files/bd/emu/ip/emu_hmss_0_0/bd_0/ip/ip_56/src --include ../../../../prj.ip_user_files/bd/emu/ip/emu_hmss_0_0/bd_0/ip/ip_56/sim --include ../../../../prj.ip_user_files/bd/emu/ip/emu_hmss_0_0/bd_0/ip/ip_57/src --include ../../../../prj.ip_user_files/bd/emu/ip/emu_hmss_0_0/bd_0/ip/ip_57/sim --include ../../../../prj.ip_user_files/bd/emu/ip/emu_hmss_0_0/bd_0/ip/ip_58/src --include ../../../../prj.ip_user_files/bd/emu/ip/emu_hmss_0_0/bd_0/ip/ip_58/sim --include ../../../../prj.ip_user_files/bd/emu/ip/emu_hmss_0_0/bd_0/ip/ip_59/src --include ../../../../prj.ip_user_files/bd/emu/ip/emu_hmss_0_0/bd_0/ip/ip_59/sim --include ../../../../prj.ip_user_files/bd/emu/ip/emu_hmss_0_0/bd_0/ip/ip_60/src --include ../../../../prj.ip_user_files/bd/emu/ip/emu_hmss_0_0/bd_0/ip/ip_60/sim --include ../../../../prj.ip_user_files/bd/emu/ip/emu_hmss_0_0/bd_0/ip/ip_61/src --include ../../../../prj.ip_user_files/bd/emu/ip/emu_hmss_0_0/bd_0/ip/ip_61/sim --include ../../../../prj.ip_user_files/bd/emu/ip/emu_hmss_0_0/bd_0/ip/ip_62/src --include ../../../../prj.ip_user_files/bd/emu/ip/emu_hmss_0_0/bd_0/ip/ip_62/sim --include ../../../../prj.ip_user_files/bd/emu/ip/emu_hmss_0_0/bd_0/ip/ip_63/src --include ../../../../prj.ip_user_files/bd/emu/ip/emu_hmss_0_0/bd_0/ip/ip_63/sim --include ../../../../prj.ip_user_files/bd/emu/ip/emu_hmss_0_0/bd_0/ip/ip_64/src --include ../../../../prj.ip_user_files/bd/emu/ip/emu_hmss_0_0/bd_0/ip/ip_64/sim --include ../../../../prj.ip_user_files/bd/emu/ip/emu_hmss_0_0/bd_0/ip/ip_65/src --include ../../../../prj.ip_user_files/bd/emu/ip/emu_hmss_0_0/bd_0/ip/ip_65/sim --include ../../../../prj.ip_user_files/bd/emu/ip/emu_hmss_0_0/bd_0/ip/ip_66/src --include ../../../../prj.ip_user_files/bd/emu/ip/emu_hmss_0_0/bd_0/ip/ip_66/sim --include ../../../../prj.ip_user_files/bd/emu/ip/emu_hmss_0_0/bd_0/sim --include ../../../../prj.ip_user_files/bd/emu/ip/emu_hmss_0_0/sim --include ../../../../prj.ip_user_files/bd/emu/ip/emu_dpa_hub_0/src --include ../../../../prj.ip_user_files/bd/emu/ip/emu_dpa_hub_0/sim --include ../../../../prj.ip_user_files/bd/emu/ip/emu_dpa_mon0_0/src --include ../../../../prj.ip_user_files/bd/emu/ip/emu_dpa_mon0_0/sim --include ../../../../prj.ip_user_files/bd/emu/ip/emu_dpa_mon1_0/src --include ../../../../prj.ip_user_files/bd/emu/ip/emu_dpa_mon1_0/sim --include ../../../../prj.ip_user_files/bd/emu/ip/emu_dpa_mon2_0/src --include ../../../../prj.ip_user_files/bd/emu/ip/emu_dpa_mon2_0/sim --include ../../../../prj.ip_user_files/bd/emu/ip/emu_dpa_mon3_0/src --include ../../../../prj.ip_user_files/bd/emu/ip/emu_dpa_mon3_0/sim --include ../../../../prj.ip_user_files/bd/emu/ip/emu_dpa_mon4_0/src --include ../../../../prj.ip_user_files/bd/emu/ip/emu_dpa_mon4_0/sim --include ../../../../prj.ip_user_files/bd/emu/ip/emu_dpa_mon5_0/src --include ../../../../prj.ip_user_files/bd/emu/ip/emu_dpa_mon5_0/sim --include ../../../../prj.ip_user_files/bd/emu/ip/emu_dpa_mon6_0/src --include ../../../../prj.ip_user_files/bd/emu/ip/emu_dpa_mon6_0/sim --include ../../../../prj.ip_user_files/bd/emu/ip/emu_dpa_mon7_0/src --include ../../../../prj.ip_user_files/bd/emu/ip/emu_dpa_mon7_0/sim --include ../../../../prj.ip_user_files/bd/emu/ip/emu_dpa_mon8_0/src --include ../../../../prj.ip_user_files/bd/emu/ip/emu_dpa_mon8_0/sim --include ../../../../prj.ip_user_files/bd/emu/sim --include /home/Xilinx/Vivado/2021.2/tps/boost_1_72_0 -L xil_defaultlib -L sim_clk_gen_v1_0_3 -L axi_lite_ipif_v3_0_4 -L axi_intc_v4_1_16 -L xlconcat_v2_1_4 -L xlconstant_v1_1_7 -L lib_cdc_v1_0_2 -L proc_sys_reset_v5_0_13 -L interrupt_control_v3_1_4 -L axi_gpio_v2_0_27 -L generic_baseblocks_v2_1_0 -L axi_infrastructure_v1_1_0 -L axi_register_slice_v2_1_25 -L fifo_generator_v13_2_6 -L axi_data_fifo_v2_1_24 -L axi_crossbar_v2_1_26 -L axi_protocol_converter_v2_1_25 -L axi_clock_converter_v2_1_24 -L uvm -L unisims_ver -L unimacro_ver -L secureip -L xpm -sv_root . -sc_lib libdpi.so --snapshot emu_wrapper_behav xil_defaultlib.emu_wrapper xil_defaultlib.glbl -log elaborate.log -ignore_assertions 
Using 8 slave threads.
Starting static elaboration
Pass Through NonSizing Optimizer
WARNING: [VRFC 10-3091] actual bit length 6 differs from formal bit length 9 for port 'm_axi_arprot' [/home/fpga/Documents/js/convfix_julien_source_yaniss_07022023/vitis_tmp/link/vivado/vpl/prj/prj.ip_user_files/bd/emu/sim/emu.v:8187]
WARNING: [VRFC 10-3091] actual bit length 6 differs from formal bit length 9 for port 'm_axi_awprot' [/home/fpga/Documents/js/convfix_julien_source_yaniss_07022023/vitis_tmp/link/vivado/vpl/prj/prj.ip_user_files/bd/emu/sim/emu.v:8191]
WARNING: [VRFC 10-3091] actual bit length 4 differs from formal bit length 8 for port 'm_axi_arregion' [/home/fpga/Documents/js/convfix_julien_source_yaniss_07022023/vitis_tmp/link/vivado/vpl/prj/prj.ip_user_files/bd/emu/sim/emu.v:9619]
WARNING: [VRFC 10-3091] actual bit length 4 differs from formal bit length 8 for port 'm_axi_awregion' [/home/fpga/Documents/js/convfix_julien_source_yaniss_07022023/vitis_tmp/link/vivado/vpl/prj/prj.ip_user_files/bd/emu/sim/emu.v:9631]
WARNING: [VRFC 10-3091] actual bit length 1 differs from formal bit length 2 for port 'state' [/home/fpga/Documents/js/convfix_julien_source_yaniss_07022023/vitis_tmp/link/vivado/vpl/prj/prj.ip_user_files/bd/emu/ipshared/4292/src/CuISR.v:232]
WARNING: [VRFC 10-3091] actual bit length 1 differs from formal bit length 2 for port 'state' [/home/fpga/Documents/js/convfix_julien_source_yaniss_07022023/vitis_tmp/link/vivado/vpl/prj/prj.ip_user_files/bd/emu/ipshared/4292/src/CuISR.v:244]
WARNING: [VRFC 10-3091] actual bit length 1 differs from formal bit length 2 for port 'state' [/home/fpga/Documents/js/convfix_julien_source_yaniss_07022023/vitis_tmp/link/vivado/vpl/prj/prj.ip_user_files/bd/emu/ipshared/4292/src/CuISR.v:256]
WARNING: [VRFC 10-3091] actual bit length 1 differs from formal bit length 2 for port 'state' [/home/fpga/Documents/js/convfix_julien_source_yaniss_07022023/vitis_tmp/link/vivado/vpl/prj/prj.ip_user_files/bd/emu/ipshared/4292/src/CuISR.v:268]
WARNING: [VRFC 10-5021] port 'gpio_io_o' is not connected on this instance [/home/fpga/Documents/js/convfix_julien_source_yaniss_07022023/vitis_tmp/link/vivado/vpl/prj/prj.ip_user_files/bd/emu/sim/emu.v:4635]
WARNING: [VRFC 10-5021] port 'gpio_io_o' is not connected on this instance [/home/fpga/Documents/js/convfix_julien_source_yaniss_07022023/vitis_tmp/link/vivado/vpl/prj/prj.ip_user_files/bd/emu/sim/emu.v:4656]
WARNING: [VRFC 10-5021] port 'aclk2x' is not connected on this instance [/wrk/ci/prod/2021.2/sw/continuous/8687/packages/customer/vivado/data/ip/xilinx/axi_protocol_converter_v2_1/hdl/axi_protocol_converter_v2_1_vl_rfs.v:4376]
WARNING: [VRFC 10-5021] port 'aclk2x' is not connected on this instance [/wrk/ci/prod/2021.2/sw/continuous/8687/packages/customer/vivado/data/ip/xilinx/axi_protocol_converter_v2_1/hdl/axi_protocol_converter_v2_1_vl_rfs.v:4631]
WARNING: [VRFC 10-5021] port 'mb_reset' is not connected on this instance [/home/fpga/Documents/js/convfix_julien_source_yaniss_07022023/vitis_tmp/link/vivado/vpl/prj/prj.ip_user_files/bd/emu/sim/emu.v:12715]
WARNING: [VRFC 10-5021] port 'mb_reset' is not connected on this instance [/home/fpga/Documents/js/convfix_julien_source_yaniss_07022023/vitis_tmp/link/vivado/vpl/prj/prj.ip_user_files/bd/emu/sim/emu.v:12723]
WARNING: [VRFC 10-5021] port 'mb_reset' is not connected on this instance [/home/fpga/Documents/js/convfix_julien_source_yaniss_07022023/vitis_tmp/link/vivado/vpl/prj/prj.ip_user_files/bd/emu/sim/emu.v:12750]
WARNING: [VRFC 10-5021] port 'mb_reset' is not connected on this instance [/home/fpga/Documents/js/convfix_julien_source_yaniss_07022023/vitis_tmp/link/vivado/vpl/prj/prj.ip_user_files/bd/emu/sim/emu.v:12756]
WARNING: [VRFC 10-5021] port 'mb_reset' is not connected on this instance [/home/fpga/Documents/js/convfix_julien_source_yaniss_07022023/vitis_tmp/link/vivado/vpl/prj/prj.ip_user_files/bd/emu/sim/emu.v:12783]
WARNING: [VRFC 10-5021] port 'mb_reset' is not connected on this instance [/home/fpga/Documents/js/convfix_julien_source_yaniss_07022023/vitis_tmp/link/vivado/vpl/prj/prj.ip_user_files/bd/emu/sim/emu.v:12789]
WARNING: [VRFC 10-5021] port 'aclk2x' is not connected on this instance [/wrk/ci/prod/2021.2/sw/continuous/8687/packages/customer/vivado/data/ip/xilinx/axi_crossbar_v2_1/hdl/axi_crossbar_v2_1_vl_rfs.v:3103]
WARNING: [VRFC 10-5021] port 'mb_reset' is not connected on this instance [/home/fpga/Documents/js/convfix_julien_source_yaniss_07022023/vitis_tmp/link/vivado/vpl/prj/prj.ip_user_files/bd/emu/sim/emu.v:23547]
Completed static elaboration
Starting simulation data flow analysis
WARNING: [XSIM 43-4099] "/home/fpga/Documents/js/convfix_julien_source_yaniss_07022023/vitis_tmp/link/vivado/vpl/prj/prj.ip_user_files/bd/emu/sim/emu_sci_stub.sv" Line 11. Module emu_sci doesn't have a timescale but at least one module in design has a timescale.
WARNING: [XSIM 43-4099] "/home/fpga/Documents/js/convfix_julien_source_yaniss_07022023/vitis_tmp/link/vivado/vpl/prj/prj.ip_user_files/bd/emu/sim/emu_sci_stub.sv" Line 11. Module emu_sci doesn't have a timescale but at least one module in design has a timescale.
Completed simulation data flow analysis
Time Resolution for simulation is 1ps
INFO: [XSIM 43-4431] System-C Modules instantiated in Design
Compiling package std.standard
Compiling package std.textio
Compiling package ieee.std_logic_1164
Compiling package ieee.numeric_std
Compiling package ieee.std_logic_arith
Compiling package ieee.std_logic_unsigned
Compiling package synopsys.attributes
Compiling package ieee.std_logic_misc
Compiling package axi_lite_ipif_v3_0_4.ipif_pkg
Compiling package unisim.vcomponents
Compiling package ieee.vital_timing
Compiling package ieee.vital_primitives
Compiling package unisim.vpkg
Compiling package ieee.math_real
Compiling package xil_defaultlib.$unit_emu_dpa_hub_0_stub_sv
Compiling package xil_defaultlib.$unit_bd_9678_xtlm_intercon_host...
Compiling package xil_defaultlib.$unit_emu_xtlm_simple_intercon_0...
Compiling package xil_defaultlib.$unit_emu_sim_embedded_scheduler...
Compiling package xil_defaultlib.$unit_emu_sim_xdma_0_0_stub_sv
Compiling module axi_infrastructure_v1_1_0.axi_infrastructure_v1_1_0_axi2ve...
Compiling module xpm.xpm_cdc_single(DEST_SYNC_FF=3,SR...
Compiling module xpm.xpm_cdc_handshake(DEST_SYNC_FF=3...
Compiling module axi_clock_converter_v2_1_24.axi_clock_converter_v2_1_24_lite...
Compiling module xpm.xpm_cdc_handshake(DEST_SYNC_FF=3...
Compiling module axi_clock_converter_v2_1_24.axi_clock_converter_v2_1_24_lite...
Compiling module xpm.xpm_cdc_handshake(DEST_SYNC_FF=3...
Compiling module axi_clock_converter_v2_1_24.axi_clock_converter_v2_1_24_lite...
Compiling module xpm.xpm_cdc_handshake(DEST_SYNC_FF=3...
Compiling module axi_clock_converter_v2_1_24.axi_clock_converter_v2_1_24_lite...
Compiling module axi_infrastructure_v1_1_0.axi_infrastructure_v1_1_0_vector...
Compiling module axi_clock_converter_v2_1_24.axi_clock_converter_v2_1_24_axi_...
Compiling module xil_defaultlib.emu_auto_cc_0
Compiling module axi_register_slice_v2_1_25.axi_register_slice_v2_1_25_axic_...
Compiling module axi_register_slice_v2_1_25.axi_register_slice_v2_1_25_axic_...
Compiling module axi_register_slice_v2_1_25.axi_register_slice_v2_1_25_axic_...
Compiling module axi_register_slice_v2_1_25.axi_register_slice_v2_1_25_axic_...
Compiling module axi_register_slice_v2_1_25.axi_register_slice_v2_1_25_axi_r...
Compiling module xil_defaultlib.emu_m00_regslice_0
Compiling module xil_defaultlib.m00_couplers_imp_ICFMO4
Compiling module xil_defaultlib.emu_auto_cc_1
Compiling module xil_defaultlib.emu_m01_regslice_7
Compiling module xil_defaultlib.m01_couplers_imp_189JRWH
Compiling module xil_defaultlib.emu_auto_cc_2
Compiling module xil_defaultlib.emu_m02_regslice_3
Compiling module xil_defaultlib.m02_couplers_imp_9I7M4V
Compiling module xil_defaultlib.emu_auto_cc_3
Compiling module xil_defaultlib.emu_m03_regslice_3
Compiling module xil_defaultlib.m03_couplers_imp_1YZEQFE
Compiling module xil_defaultlib.emu_auto_cc_4
Compiling module xil_defaultlib.emu_m04_regslice_0
Compiling module xil_defaultlib.m04_couplers_imp_1092B6A
Compiling module xil_defaultlib.emu_auto_cc_5
Compiling module xil_defaultlib.emu_m05_regslice_0
Compiling module xil_defaultlib.m05_couplers_imp_QEUZYV
Compiling module xil_defaultlib.emu_auto_cc_6
Compiling module xil_defaultlib.emu_m06_regslice_0
Compiling module xil_defaultlib.m06_couplers_imp_1QZA3IX
Compiling module xil_defaultlib.emu_auto_cc_7
Compiling module xil_defaultlib.emu_m07_regslice_0
Compiling module xil_defaultlib.m07_couplers_imp_HLJT24
Compiling module xil_defaultlib.emu_auto_cc_8
Compiling module xil_defaultlib.emu_m08_regslice_0
Compiling module xil_defaultlib.m08_couplers_imp_6OW9GP
Compiling module xil_defaultlib.emu_auto_cc_9
Compiling module xil_defaultlib.emu_m09_regslice_0
Compiling module xil_defaultlib.m09_couplers_imp_1IT7LNW
Compiling module xil_defaultlib.emu_auto_cc_10
Compiling module xil_defaultlib.emu_m10_regslice_0
Compiling module xil_defaultlib.m10_couplers_imp_1PW6I9E
Compiling module axi_infrastructure_v1_1_0.axi_infrastructure_v1_1_0_axi2ve...
Compiling module axi_infrastructure_v1_1_0.axi_infrastructure_v1_1_0_vector...
Compiling module axi_register_slice_v2_1_25.axi_register_slice_v2_1_25_axic_...
Compiling module axi_register_slice_v2_1_25.axi_register_slice_v2_1_25_axic_...
Compiling module axi_register_slice_v2_1_25.axi_register_slice_v2_1_25_axic_...
Compiling module axi_register_slice_v2_1_25.axi_register_slice_v2_1_25_axic_...
Compiling module axi_register_slice_v2_1_25.axi_register_slice_v2_1_25_axi_r...
Compiling module axi_protocol_converter_v2_1_25.axi_protocol_converter_v2_1_25_b...
Compiling module axi_protocol_converter_v2_1_25.axi_protocol_converter_v2_1_25_b...
Compiling module axi_protocol_converter_v2_1_25.axi_protocol_converter_v2_1_25_b...
Compiling module axi_protocol_converter_v2_1_25.axi_protocol_converter_v2_1_25_b...
Compiling module axi_protocol_converter_v2_1_25.axi_protocol_converter_v2_1_25_b...
Compiling module axi_protocol_converter_v2_1_25.axi_protocol_converter_v2_1_25_b...
Compiling module axi_protocol_converter_v2_1_25.axi_protocol_converter_v2_1_25_b...
Compiling module axi_protocol_converter_v2_1_25.axi_protocol_converter_v2_1_25_b...
Compiling module axi_protocol_converter_v2_1_25.axi_protocol_converter_v2_1_25_b...
Compiling module axi_protocol_converter_v2_1_25.axi_protocol_converter_v2_1_25_b...
Compiling module axi_protocol_converter_v2_1_25.axi_protocol_converter_v2_1_25_b...
Compiling module axi_protocol_converter_v2_1_25.axi_protocol_converter_v2_1_25_b...
Compiling module axi_protocol_converter_v2_1_25.axi_protocol_converter_v2_1_25_b...
Compiling module axi_infrastructure_v1_1_0.axi_infrastructure_v1_1_0_axi2ve...
Compiling module axi_infrastructure_v1_1_0.axi_infrastructure_v1_1_0_vector...
Compiling module axi_register_slice_v2_1_25.axi_register_slice_v2_1_25_axic_...
Compiling module axi_register_slice_v2_1_25.axi_register_slice_v2_1_25_axic_...
Compiling module axi_register_slice_v2_1_25.axi_register_slice_v2_1_25_axic_...
Compiling module axi_register_slice_v2_1_25.axi_register_slice_v2_1_25_axic_...
Compiling module axi_register_slice_v2_1_25.axi_register_slice_v2_1_25_axi_r...
Compiling module axi_protocol_converter_v2_1_25.axi_protocol_converter_v2_1_25_b...
Compiling module axi_protocol_converter_v2_1_25.axi_protocol_converter_v2_1_25_a...
Compiling module xil_defaultlib.emu_auto_pc_6
Compiling module axi_register_slice_v2_1_25.axi_register_slice_v2_1_25_axic_...
Compiling module axi_register_slice_v2_1_25.axi_register_slice_v2_1_25_axic_...
Compiling module axi_register_slice_v2_1_25.axi_register_slice_v2_1_25_axic_...
Compiling module axi_register_slice_v2_1_25.axi_register_slice_v2_1_25_axi_r...
Compiling module xil_defaultlib.emu_s00_regslice_0
Compiling module xil_defaultlib.s00_couplers_imp_1T7YMYM
Compiling module axi_crossbar_v2_1_26.axi_crossbar_v2_1_26_addr_arbite...
Compiling module generic_baseblocks_v2_1_0.generic_baseblocks_v2_1_0_carry_...
Compiling module generic_baseblocks_v2_1_0.generic_baseblocks_v2_1_0_compar...
Compiling module generic_baseblocks_v2_1_0.generic_baseblocks_v2_1_0_compar...
Compiling module generic_baseblocks_v2_1_0.generic_baseblocks_v2_1_0_compar...
Compiling module generic_baseblocks_v2_1_0.generic_baseblocks_v2_1_0_compar...
Compiling module generic_baseblocks_v2_1_0.generic_baseblocks_v2_1_0_compar...
Compiling module generic_baseblocks_v2_1_0.generic_baseblocks_v2_1_0_compar...
Compiling module generic_baseblocks_v2_1_0.generic_baseblocks_v2_1_0_compar...
Compiling module generic_baseblocks_v2_1_0.generic_baseblocks_v2_1_0_compar...
Compiling module generic_baseblocks_v2_1_0.generic_baseblocks_v2_1_0_compar...
Compiling module generic_baseblocks_v2_1_0.generic_baseblocks_v2_1_0_compar...
Compiling module generic_baseblocks_v2_1_0.generic_baseblocks_v2_1_0_compar...
Compiling module axi_crossbar_v2_1_26.axi_crossbar_v2_1_26_addr_decode...
Compiling module axi_crossbar_v2_1_26.axi_crossbar_v2_1_26_splitter(C_...
Compiling module axi_crossbar_v2_1_26.axi_crossbar_v2_1_26_splitter
Compiling module generic_baseblocks_v2_1_0.generic_baseblocks_v2_1_0_mux_en...
Compiling module generic_baseblocks_v2_1_0.generic_baseblocks_v2_1_0_mux_en...
Compiling module generic_baseblocks_v2_1_0.generic_baseblocks_v2_1_0_mux_en...
Compiling module axi_register_slice_v2_1_25.axi_register_slice_v2_1_25_axic_...
Compiling module generic_baseblocks_v2_1_0.generic_baseblocks_v2_1_0_mux_en...
Compiling module axi_crossbar_v2_1_26.axi_crossbar_v2_1_26_decerr_slav...
Compiling module axi_crossbar_v2_1_26.axi_crossbar_v2_1_26_crossbar_sa...
Compiling module axi_crossbar_v2_1_26.axi_crossbar_v2_1_26_axi_crossba...
Compiling module xil_defaultlib.emu_xbar_8
Compiling module xil_defaultlib.emu_dpa_ctrl_interconnect_0
Compiling module xil_defaultlib.emu_dpa_hub_0
Compiling module xil_defaultlib.emu_dpa_mon0_0
Compiling module xil_defaultlib.emu_dpa_mon1_0
Compiling module xil_defaultlib.emu_dpa_mon2_0
Compiling module xil_defaultlib.emu_dpa_mon3_0
Compiling module xil_defaultlib.emu_dpa_mon4_0
Compiling module xil_defaultlib.emu_dpa_mon5_0
Compiling module xil_defaultlib.emu_dpa_mon6_0
Compiling module xil_defaultlib.emu_dpa_mon7_0
Compiling module xil_defaultlib.emu_dpa_mon8_0
Compiling module xil_defaultlib.System_DPA_imp_SEKSXZ
Compiling architecture imp of entity axi_lite_ipif_v3_0_4.pselect_f [\pselect_f(c_ab=2,c_aw=2,c_bar="...]
Compiling architecture imp of entity axi_lite_ipif_v3_0_4.pselect_f [\pselect_f(c_ab=2,c_aw=2,c_bar="...]
Compiling architecture imp of entity axi_lite_ipif_v3_0_4.pselect_f [\pselect_f(c_ab=2,c_aw=2,c_bar="...]
Compiling architecture imp of entity axi_lite_ipif_v3_0_4.pselect_f [\pselect_f(c_ab=2,c_aw=2,c_bar="...]
Compiling architecture imp of entity axi_lite_ipif_v3_0_4.address_decoder [\address_decoder(c_bus_awidth=9,...]
Compiling architecture imp of entity axi_lite_ipif_v3_0_4.slave_attachment [\slave_attachment(c_ard_addr_ran...]
Compiling architecture imp of entity axi_lite_ipif_v3_0_4.axi_lite_ipif [\axi_lite_ipif(c_s_axi_addr_widt...]
Compiling architecture fdre_v of entity unisim.FDRE [fdre_default]
Compiling architecture fdr_v of entity unisim.FDR [fdr_default]
Compiling architecture implementation of entity lib_cdc_v1_0_2.cdc_sync [\cdc_sync(c_single_bit=0,c_mtbf_...]
Compiling architecture imp of entity axi_gpio_v2_0_27.GPIO_Core [\GPIO_Core(c_aw=9,c_family="virt...]
Compiling architecture imp of entity axi_gpio_v2_0_27.axi_gpio [\axi_gpio(c_family="virtexuplusH...]
Compiling architecture emu_axi_gpio_null_slr1_0_arch of entity xil_defaultlib.emu_axi_gpio_null_slr1_0 [emu_axi_gpio_null_slr1_0_default]
Compiling architecture emu_axi_gpio_null_slr2_0_arch of entity xil_defaultlib.emu_axi_gpio_null_slr2_0 [emu_axi_gpio_null_slr2_0_default]
Compiling module xil_defaultlib.conv_fixe_float_1_control_s_axi
Compiling module xil_defaultlib.conv_fixe_float_1_gmem0_m_axi_re...
Compiling module xil_defaultlib.conv_fixe_float_1_gmem0_m_axi_fi...
Compiling module xil_defaultlib.conv_fixe_float_1_gmem0_m_axi_bu...
Compiling module xil_defaultlib.conv_fixe_float_1_gmem0_m_axi_fi...
Compiling module xil_defaultlib.conv_fixe_float_1_gmem0_m_axi_fi...
Compiling module xil_defaultlib.conv_fixe_float_1_gmem0_m_axi_fi...
Compiling module xil_defaultlib.conv_fixe_float_1_gmem0_m_axi_wr...
Compiling module xil_defaultlib.conv_fixe_float_1_gmem0_m_axi_bu...
Compiling module xil_defaultlib.conv_fixe_float_1_gmem0_m_axi_re...
Compiling module xil_defaultlib.conv_fixe_float_1_gmem0_m_axi_re...
Compiling module xil_defaultlib.conv_fixe_float_1_gmem0_m_axi_re...
Compiling module xil_defaultlib.conv_fixe_float_1_gmem0_m_axi_fi...
Compiling module xil_defaultlib.conv_fixe_float_1_gmem0_m_axi_fi...
Compiling module xil_defaultlib.conv_fixe_float_1_gmem0_m_axi_th...
Compiling module xil_defaultlib.conv_fixe_float_1_gmem0_m_axi(CO...
Compiling module xil_defaultlib.conv_fixe_float_1_gmem1_m_axi_re...
Compiling module xil_defaultlib.conv_fixe_float_1_gmem1_m_axi_fi...
Compiling module xil_defaultlib.conv_fixe_float_1_gmem1_m_axi_bu...
Compiling module xil_defaultlib.conv_fixe_float_1_gmem1_m_axi_fi...
Compiling module xil_defaultlib.conv_fixe_float_1_gmem1_m_axi_fi...
Compiling module xil_defaultlib.conv_fixe_float_1_gmem1_m_axi_fi...
Compiling module xil_defaultlib.conv_fixe_float_1_gmem1_m_axi_wr...
Compiling module xil_defaultlib.conv_fixe_float_1_gmem1_m_axi_bu...
Compiling module xil_defaultlib.conv_fixe_float_1_gmem1_m_axi_re...
Compiling module xil_defaultlib.conv_fixe_float_1_gmem1_m_axi_re...
Compiling module xil_defaultlib.conv_fixe_float_1_gmem1_m_axi_re...
Compiling module xil_defaultlib.conv_fixe_float_1_gmem1_m_axi_fi...
Compiling module xil_defaultlib.conv_fixe_float_1_gmem1_m_axi_fi...
Compiling module xil_defaultlib.conv_fixe_float_1_gmem1_m_axi_th...
Compiling module xil_defaultlib.conv_fixe_float_1_gmem1_m_axi(CO...
Compiling module xil_defaultlib.conv_fixe_float_1_entry_proc
Compiling module xil_defaultlib.conv_fixe_float_1_Block_split3_p...
Compiling module xil_defaultlib.conv_fixe_float_1_flow_control_l...
Compiling module xil_defaultlib.conv_fixe_float_1_load_input_Pip...
Compiling module xil_defaultlib.conv_fixe_float_1_load_input
Compiling module xil_defaultlib.conv_fixe_float_1_conversion
Compiling module xil_defaultlib.conv_fixe_float_1_compute_add_Pi...
Compiling module xil_defaultlib.conv_fixe_float_1_compute_add
Compiling module xil_defaultlib.conv_fixe_float_1_store_result_P...
Compiling module xil_defaultlib.conv_fixe_float_1_store_result
Compiling module xil_defaultlib.conv_fixe_float_1_fifo_w64_d5_S_...
Compiling module xil_defaultlib.conv_fixe_float_1_fifo_w64_d5_S
Compiling module xil_defaultlib.conv_fixe_float_1_fifo_w30_d2_S_...
Compiling module xil_defaultlib.conv_fixe_float_1_fifo_w30_d2_S
Compiling module xil_defaultlib.conv_fixe_float_1_fifo_w256_d2_S...
Compiling module xil_defaultlib.conv_fixe_float_1_fifo_w256_d2_S
Compiling module xil_defaultlib.conv_fixe_float_1_start_for_stor...
Compiling module xil_defaultlib.conv_fixe_float_1_start_for_stor...
Compiling module xil_defaultlib.conv_fixe_float_1_start_for_comp...
Compiling module xil_defaultlib.conv_fixe_float_1_start_for_comp...
Compiling module xil_defaultlib.conv_fixe_float_1(C_M_AXI_GMEM0_...
Compiling module xil_defaultlib.emu_conv_1_0
Compiling module xil_defaultlib.emu_conv_2_0
Compiling module xil_defaultlib.emu_conv_3_0
Compiling module xil_defaultlib.emu_sci
Compiling architecture fdre_v of entity unisim.FDRE [\FDRE(init='1')\]
Compiling architecture implementation of entity lib_cdc_v1_0_2.cdc_sync [\cdc_sync(c_vector_width=2,c_mtb...]
Compiling architecture srl16e_v of entity unisim.SRL16E [\SRL16E(init="1111111111111111")...]
Compiling architecture srl16_v of entity unisim.SRL16 [\SRL16(init="1111111111111111")(...]
Compiling architecture imp of entity proc_sys_reset_v5_0_13.lpf [\lpf(c_ext_rst_width=4,c_aux_rst...]
Compiling architecture imp of entity proc_sys_reset_v5_0_13.upcnt_n [\upcnt_n(c_size=6)\]
Compiling architecture imp of entity proc_sys_reset_v5_0_13.sequence_psr [sequence_psr_default]
Compiling architecture imp of entity proc_sys_reset_v5_0_13.proc_sys_reset [\proc_sys_reset(c_family="virtex...]
Compiling architecture emu_psreset_gate_pr_kernel_0_arch of entity xil_defaultlib.emu_psreset_gate_pr_kernel_0 [emu_psreset_gate_pr_kernel_0_def...]
Compiling architecture emu_psreset_gate_pr_kernel2_0_arch of entity xil_defaultlib.emu_psreset_gate_pr_kernel2_0 [emu_psreset_gate_pr_kernel2_0_de...]
Compiling module xil_defaultlib.expanded_region_resets_slr0_imp_...
Compiling architecture emu_psreset_gate_pr_kernel_1_arch of entity xil_defaultlib.emu_psreset_gate_pr_kernel_1 [emu_psreset_gate_pr_kernel_1_def...]
Compiling architecture emu_psreset_gate_pr_kernel2_1_arch of entity xil_defaultlib.emu_psreset_gate_pr_kernel2_1 [emu_psreset_gate_pr_kernel2_1_de...]
Compiling module xil_defaultlib.expanded_region_resets_slr1_imp_...
Compiling architecture emu_psreset_gate_pr_kernel_2_arch of entity xil_defaultlib.emu_psreset_gate_pr_kernel_2 [emu_psreset_gate_pr_kernel_2_def...]
Compiling architecture emu_psreset_gate_pr_kernel2_2_arch of entity xil_defaultlib.emu_psreset_gate_pr_kernel2_2 [emu_psreset_gate_pr_kernel2_2_de...]
Compiling module xil_defaultlib.expanded_region_resets_slr2_imp_...
Compiling module sim_clk_gen_v1_0_3.sim_clk_gen(CLOCK_PERIOD=2222222...
Compiling module xil_defaultlib.emu_hbm_clk_0
Compiling module xil_defaultlib.emu_hmss_0_0
Compiling module xil_defaultlib.m00_couplers_imp_RRY9FI
Compiling module fifo_generator_v13_2_6.fifo_generator_v13_2_6_sync_stag...
Compiling module fifo_generator_v13_2_6.fifo_generator_v13_2_6_bhv_ver_a...
Compiling module fifo_generator_v13_2_6.fifo_generator_v13_2_6_bhv_ver_p...
Compiling module fifo_generator_v13_2_6.fifo_generator_v13_2_6_CONV_VER(...
Compiling module fifo_generator_v13_2_6.fifo_generator_vlog_beh(C_DATA_C...
Compiling module fifo_generator_v13_2_6.fifo_generator_v13_2_6_bhv_ver_a...
Compiling module fifo_generator_v13_2_6.fifo_generator_v13_2_6_bhv_ver_p...
Compiling module fifo_generator_v13_2_6.fifo_generator_v13_2_6_CONV_VER(...
Compiling module fifo_generator_v13_2_6.fifo_generator_vlog_beh(C_DATA_C...
Compiling module fifo_generator_v13_2_6.fifo_generator_v13_2_6_bhv_ver_a...
Compiling module fifo_generator_v13_2_6.fifo_generator_v13_2_6_bhv_ver_p...
Compiling module fifo_generator_v13_2_6.fifo_generator_v13_2_6_CONV_VER(...
Compiling module fifo_generator_v13_2_6.fifo_generator_vlog_beh(C_DATA_C...
Compiling module fifo_generator_v13_2_6.fifo_generator_vlog_beh(C_DATA_C...
Compiling module fifo_generator_v13_2_6.fifo_generator_vlog_beh(C_DATA_C...
Compiling module axi_clock_converter_v2_1_24.axi_clock_converter_v2_1_24_axi_...
Compiling module xil_defaultlib.emu_auto_cc_11
Compiling module xil_defaultlib.emu_auto_pc_7
Compiling module axi_infrastructure_v1_1_0.axi_infrastructure_v1_1_0_axi2ve...
Compiling module axi_infrastructure_v1_1_0.axi_infrastructure_v1_1_0_vector...
Compiling module axi_register_slice_v2_1_25.axi_register_slice_v2_1_25_axic_...
Compiling module axi_register_slice_v2_1_25.axi_register_slice_v2_1_25_axi_r...
Compiling module xil_defaultlib.emu_m01_regslice_6
Compiling module xil_defaultlib.m01_couplers_imp_1FHFKJF
Compiling module xil_defaultlib.emu_auto_cc_12
Compiling module xil_defaultlib.emu_auto_pc_8
Compiling module xil_defaultlib.emu_m02_regslice_2
Compiling module xil_defaultlib.m02_couplers_imp_16Q9V9
Compiling module xil_defaultlib.emu_auto_cc_13
Compiling module xil_defaultlib.emu_auto_pc_9
Compiling module xil_defaultlib.emu_m03_regslice_2
Compiling module xil_defaultlib.m03_couplers_imp_1OFQK8G
Compiling module xil_defaultlib.s00_couplers_imp_1KW31TW
Compiling module generic_baseblocks_v2_1_0.generic_baseblocks_v2_1_0_compar...
Compiling module generic_baseblocks_v2_1_0.generic_baseblocks_v2_1_0_compar...
Compiling module generic_baseblocks_v2_1_0.generic_baseblocks_v2_1_0_compar...
Compiling module axi_crossbar_v2_1_26.axi_crossbar_v2_1_26_addr_decode...
Compiling module axi_crossbar_v2_1_26.axi_crossbar_v2_1_26_arbiter_res...
Compiling module generic_baseblocks_v2_1_0.generic_baseblocks_v2_1_0_mux_en...
Compiling module axi_data_fifo_v2_1_24.axi_data_fifo_v2_1_24_ndeep_srl(...
Compiling module axi_data_fifo_v2_1_24.axi_data_fifo_v2_1_24_axic_srl_f...
Compiling module axi_crossbar_v2_1_26.axi_crossbar_v2_1_26_si_transact...
Compiling module generic_baseblocks_v2_1_0.generic_baseblocks_v2_1_0_mux_en...
Compiling module axi_crossbar_v2_1_26.axi_crossbar_v2_1_26_si_transact...
Compiling module axi_data_fifo_v2_1_24.axi_data_fifo_v2_1_24_ndeep_srl(...
Compiling module axi_data_fifo_v2_1_24.axi_data_fifo_v2_1_24_axic_reg_s...
Compiling module axi_crossbar_v2_1_26.axi_crossbar_v2_1_26_wdata_route...
Compiling module axi_crossbar_v2_1_26.axi_crossbar_v2_1_26_wdata_mux(C...
Compiling module axi_data_fifo_v2_1_24.axi_data_fifo_v2_1_24_axic_srl_f...
Compiling module axi_infrastructure_v1_1_0.axi_infrastructure_v1_1_0_axi2ve...
Compiling module axi_infrastructure_v1_1_0.axi_infrastructure_v1_1_0_vector...
Compiling module axi_register_slice_v2_1_25.axi_register_slice_v2_1_25_axic_...
Compiling module axi_register_slice_v2_1_25.axi_register_slice_v2_1_25_axic_...
Compiling module axi_register_slice_v2_1_25.axi_register_slice_v2_1_25_axic_...
Compiling module axi_register_slice_v2_1_25.axi_register_slice_v2_1_25_axic_...
Compiling module axi_register_slice_v2_1_25.axi_register_slice_v2_1_25_axi_r...
Compiling module axi_crossbar_v2_1_26.axi_crossbar_v2_1_26_wdata_mux(C...
Compiling module axi_data_fifo_v2_1_24.axi_data_fifo_v2_1_24_ndeep_srl(...
Compiling module axi_data_fifo_v2_1_24.axi_data_fifo_v2_1_24_axic_srl_f...
Compiling module axi_crossbar_v2_1_26.axi_crossbar_v2_1_26_addr_arbite...
Compiling module axi_crossbar_v2_1_26.axi_crossbar_v2_1_26_decerr_slav...
Compiling module axi_crossbar_v2_1_26.axi_crossbar_v2_1_26_crossbar(C_...
Compiling module axi_crossbar_v2_1_26.axi_crossbar_v2_1_26_axi_crossba...
Compiling module xil_defaultlib.emu_xbar_9
Compiling module xil_defaultlib.emu_axi_interconnect_0_0
Compiling module xil_defaultlib.emu_auto_pc_4
Compiling module xil_defaultlib.m00_couplers_imp_1R6TU9P
Compiling module xil_defaultlib.emu_m01_regslice_5
Compiling module xil_defaultlib.m01_couplers_imp_H908VS
Compiling module xil_defaultlib.emu_auto_pc_5
Compiling module xil_defaultlib.m02_couplers_imp_10LC112
Compiling module xil_defaultlib.s00_couplers_imp_KPWTON
Compiling module generic_baseblocks_v2_1_0.generic_baseblocks_v2_1_0_compar...
Compiling module generic_baseblocks_v2_1_0.generic_baseblocks_v2_1_0_compar...
Compiling module axi_crossbar_v2_1_26.axi_crossbar_v2_1_26_addr_decode...
Compiling module axi_crossbar_v2_1_26.axi_crossbar_v2_1_26_arbiter_res...
Compiling module generic_baseblocks_v2_1_0.generic_baseblocks_v2_1_0_mux_en...
Compiling module axi_crossbar_v2_1_26.axi_crossbar_v2_1_26_si_transact...
Compiling module generic_baseblocks_v2_1_0.generic_baseblocks_v2_1_0_mux_en...
Compiling module axi_crossbar_v2_1_26.axi_crossbar_v2_1_26_si_transact...
Compiling module axi_crossbar_v2_1_26.axi_crossbar_v2_1_26_wdata_route...
Compiling module axi_crossbar_v2_1_26.axi_crossbar_v2_1_26_addr_arbite...
Compiling module axi_crossbar_v2_1_26.axi_crossbar_v2_1_26_crossbar(C_...
Compiling module axi_crossbar_v2_1_26.axi_crossbar_v2_1_26_axi_crossba...
Compiling module xil_defaultlib.emu_xbar_5
Compiling module xil_defaultlib.emu_interconnect_axilite_user_sl...
Compiling module xil_defaultlib.s00_couplers_imp_6ZUQIR
Compiling module xil_defaultlib.emu_interconnect_axilite_user_sl...
Compiling module xlconcat_v2_1_4.xlconcat_v2_1_4_xlconcat(IN0_WID...
Compiling module xil_defaultlib.emu_xlconcat_interrupt_0
Compiling module xlconcat_v2_1_4.xlconcat_v2_1_4_xlconcat(dout_wi...
Compiling module xil_defaultlib.emu_xlconcat_interrupt_0_0
Compiling module xil_defaultlib.emu_xlconcat_interrupt_1_0
Compiling module xil_defaultlib.emu_xlconcat_interrupt_2_0
Compiling module xil_defaultlib.emu_xlconcat_interrupt_3_0
Compiling module xlconstant_v1_1_7.xlconstant_v1_1_7_xlconstant
Compiling module xil_defaultlib.emu_xlconstant_gnd_0
Compiling module xil_defaultlib.interrupt_concat_imp_14CZY9A
Compiling module sim_clk_gen_v1_0_3.sim_clk_gen(CLOCK_PERIOD=2.0,RES...
Compiling module xil_defaultlib.emu_kernel2_clk_1
Compiling module sim_clk_gen_v1_0_3.sim_clk_gen(CLOCK_PERIOD=3.33333...
Compiling module xil_defaultlib.emu_kernel_clk_1
Compiling module xil_defaultlib.emu_memory_subsystem_0
Compiling module xil_defaultlib.emu_sim_ddr_0_0
Compiling module xil_defaultlib.emu_sim_ddr_1_0
Compiling module sim_clk_gen_v1_0_3.sim_clk_gen(CLOCK_PERIOD=3.33200...
Compiling module xil_defaultlib.emu_ddr0_ui_clk_0
Compiling module xil_defaultlib.emu_kernel2_clk_0
Compiling module xil_defaultlib.emu_kernel_clk_0
Compiling module xil_defaultlib.clk_reset_wizard_imp_1N4AMRV
Compiling module xil_defaultlib.m00_couplers_imp_THO9J8
Compiling module xil_defaultlib.m01_couplers_imp_1F0NE0X
Compiling module xil_defaultlib.m02_couplers_imp_2SPS0F
Compiling module xil_defaultlib.emu_auto_pc_0
Compiling module xil_defaultlib.s00_couplers_imp_1I78I2M
Compiling module axi_infrastructure_v1_1_0.axi_infrastructure_v1_1_0_axi2ve...
Compiling module axi_infrastructure_v1_1_0.axi_infrastructure_v1_1_0_vector...
Compiling module axi_register_slice_v2_1_25.axi_register_slice_v2_1_25_axic_...
Compiling module axi_register_slice_v2_1_25.axi_register_slice_v2_1_25_axic_...
Compiling module axi_register_slice_v2_1_25.axi_register_slice_v2_1_25_axic_...
Compiling module axi_register_slice_v2_1_25.axi_register_slice_v2_1_25_axi_r...
Compiling module axi_protocol_converter_v2_1_25.axi_protocol_converter_v2_1_25_b...
Compiling module axi_protocol_converter_v2_1_25.axi_protocol_converter_v2_1_25_b...
Compiling module axi_protocol_converter_v2_1_25.axi_protocol_converter_v2_1_25_b...
Compiling module axi_protocol_converter_v2_1_25.axi_protocol_converter_v2_1_25_b...
Compiling module axi_protocol_converter_v2_1_25.axi_protocol_converter_v2_1_25_b...
Compiling module axi_protocol_converter_v2_1_25.axi_protocol_converter_v2_1_25_b...
Compiling module axi_protocol_converter_v2_1_25.axi_protocol_converter_v2_1_25_b...
Compiling module axi_protocol_converter_v2_1_25.axi_protocol_converter_v2_1_25_b...
Compiling module axi_protocol_converter_v2_1_25.axi_protocol_converter_v2_1_25_b...
Compiling module axi_infrastructure_v1_1_0.axi_infrastructure_v1_1_0_axi2ve...
Compiling module axi_infrastructure_v1_1_0.axi_infrastructure_v1_1_0_vector...
Compiling module axi_register_slice_v2_1_25.axi_register_slice_v2_1_25_axic_...
Compiling module axi_register_slice_v2_1_25.axi_register_slice_v2_1_25_axi_r...
Compiling module axi_protocol_converter_v2_1_25.axi_protocol_converter_v2_1_25_b...
Compiling module axi_protocol_converter_v2_1_25.axi_protocol_converter_v2_1_25_a...
Compiling module xil_defaultlib.emu_auto_pc_1
Compiling module xil_defaultlib.s01_couplers_imp_8JQCQJ
Compiling module generic_baseblocks_v2_1_0.generic_baseblocks_v2_1_0_mux_en...
Compiling module axi_crossbar_v2_1_26.axi_crossbar_v2_1_26_addr_arbite...
Compiling module generic_baseblocks_v2_1_0.generic_baseblocks_v2_1_0_compar...
Compiling module generic_baseblocks_v2_1_0.generic_baseblocks_v2_1_0_compar...
Compiling module generic_baseblocks_v2_1_0.generic_baseblocks_v2_1_0_compar...
Compiling module axi_crossbar_v2_1_26.axi_crossbar_v2_1_26_addr_decode...
Compiling module generic_baseblocks_v2_1_0.generic_baseblocks_v2_1_0_mux_en...
Compiling module generic_baseblocks_v2_1_0.generic_baseblocks_v2_1_0_mux_en...
Compiling module generic_baseblocks_v2_1_0.generic_baseblocks_v2_1_0_mux_en...
Compiling module generic_baseblocks_v2_1_0.generic_baseblocks_v2_1_0_mux_en...
Compiling module generic_baseblocks_v2_1_0.generic_baseblocks_v2_1_0_mux_en...
Compiling module axi_crossbar_v2_1_26.axi_crossbar_v2_1_26_crossbar_sa...
Compiling module axi_crossbar_v2_1_26.axi_crossbar_v2_1_26_axi_crossba...
Compiling module xil_defaultlib.emu_xbar_3
Compiling module xil_defaultlib.emu_connect_to_es_0
Compiling module xil_defaultlib.m00_couplers_imp_1J2QOWN
Compiling module xil_defaultlib.m01_couplers_imp_7QT8NM
Compiling module axi_protocol_converter_v2_1_25.axi_protocol_converter_v2_1_25_a...
Compiling module xil_defaultlib.emu_auto_pc_2
Compiling module xil_defaultlib.s00_couplers_imp_UX2T9P
Compiling module xil_defaultlib.s01_couplers_imp_1DNO9BC
Compiling module xil_defaultlib.s02_couplers_imp_47SKBQ
Compiling module xil_defaultlib.emu_auto_pc_3
Compiling module xil_defaultlib.s03_couplers_imp_1MG1X0J
Compiling module axi_crossbar_v2_1_26.axi_crossbar_v2_1_26_addr_decode...
Compiling module generic_baseblocks_v2_1_0.generic_baseblocks_v2_1_0_mux_en...
Compiling module axi_data_fifo_v2_1_24.axi_data_fifo_v2_1_24_axic_srl_f...
Compiling module axi_crossbar_v2_1_26.axi_crossbar_v2_1_26_si_transact...
Compiling module generic_baseblocks_v2_1_0.generic_baseblocks_v2_1_0_mux_en...
Compiling module axi_crossbar_v2_1_26.axi_crossbar_v2_1_26_si_transact...
Compiling module axi_data_fifo_v2_1_24.axi_data_fifo_v2_1_24_axic_reg_s...
Compiling module axi_crossbar_v2_1_26.axi_crossbar_v2_1_26_wdata_route...
Compiling module axi_crossbar_v2_1_26.axi_crossbar_v2_1_26_si_transact...
Compiling module axi_crossbar_v2_1_26.axi_crossbar_v2_1_26_si_transact...
Compiling module axi_data_fifo_v2_1_24.axi_data_fifo_v2_1_24_axic_reg_s...
Compiling module axi_crossbar_v2_1_26.axi_crossbar_v2_1_26_wdata_route...
Compiling module axi_crossbar_v2_1_26.axi_crossbar_v2_1_26_si_transact...
Compiling module axi_crossbar_v2_1_26.axi_crossbar_v2_1_26_si_transact...
Compiling module axi_data_fifo_v2_1_24.axi_data_fifo_v2_1_24_axic_srl_f...
Compiling module axi_crossbar_v2_1_26.axi_crossbar_v2_1_26_si_transact...
Compiling module axi_crossbar_v2_1_26.axi_crossbar_v2_1_26_si_transact...
Compiling module axi_data_fifo_v2_1_24.axi_data_fifo_v2_1_24_axic_reg_s...
Compiling module axi_crossbar_v2_1_26.axi_crossbar_v2_1_26_wdata_route...
Compiling module axi_crossbar_v2_1_26.axi_crossbar_v2_1_26_addr_decode...
Compiling module axi_data_fifo_v2_1_24.axi_data_fifo_v2_1_24_axic_reg_s...
Compiling module axi_crossbar_v2_1_26.axi_crossbar_v2_1_26_wdata_mux(C...
Compiling module axi_data_fifo_v2_1_24.axi_data_fifo_v2_1_24_axic_reg_s...
Compiling module axi_crossbar_v2_1_26.axi_crossbar_v2_1_26_wdata_mux(C...
Compiling module generic_baseblocks_v2_1_0.generic_baseblocks_v2_1_0_mux_en...
Compiling module axi_crossbar_v2_1_26.axi_crossbar_v2_1_26_addr_arbite...
Compiling module axi_crossbar_v2_1_26.axi_crossbar_v2_1_26_crossbar(C_...
Compiling module axi_crossbar_v2_1_26.axi_crossbar_v2_1_26_axi_crossba...
Compiling module xil_defaultlib.emu_xbar_4
Compiling module xil_defaultlib.emu_connect_to_es_cu_0
Compiling module xil_defaultlib.emu_dma_pcie_clk_0
Compiling module xil_defaultlib.CuDmaController_CQDma_m_axi_thro...
Compiling module xil_defaultlib.CuDmaController_CQDma_m_axi_reg_...
Compiling module xil_defaultlib.CuDmaController_CQDma_m_axi_fifo...
Compiling module xil_defaultlib.CuDmaController_CQDma_m_axi_buff...
Compiling module xil_defaultlib.CuDmaController_CQDma_m_axi_fifo...
Compiling module xil_defaultlib.CuDmaController_CQDma_m_axi_fifo...
Compiling module xil_defaultlib.CuDmaController_CQDma_m_axi_fifo...
Compiling module xil_defaultlib.CuDmaController_CQDma_m_axi_writ...
Compiling module xil_defaultlib.CuDmaController_CQDma_m_axi_buff...
Compiling module xil_defaultlib.CuDmaController_CQDma_m_axi_reg_...
Compiling module xil_defaultlib.CuDmaController_CQDma_m_axi_read...
Compiling module xil_defaultlib.CuDmaController_CQDma_m_axi(NUM_...
Compiling module xil_defaultlib.CuDmaController_CUDma_m_axi_thro...
Compiling module xil_defaultlib.CuDmaController_CUDma_m_axi_reg_...
Compiling module xil_defaultlib.CuDmaController_CUDma_m_axi_fifo...
Compiling module xil_defaultlib.CuDmaController_CUDma_m_axi_buff...
Compiling module xil_defaultlib.CuDmaController_CUDma_m_axi_fifo...
Compiling module xil_defaultlib.CuDmaController_CUDma_m_axi_fifo...
Compiling module xil_defaultlib.CuDmaController_CUDma_m_axi_fifo...
Compiling module xil_defaultlib.CuDmaController_CUDma_m_axi_writ...
Compiling module xil_defaultlib.CuDmaController_CUDma_m_axi_buff...
Compiling module xil_defaultlib.CuDmaController_CUDma_m_axi_reg_...
Compiling module xil_defaultlib.CuDmaController_CUDma_m_axi_read...
Compiling module xil_defaultlib.CuDmaController_CUDma_m_axi(NUM_...
Compiling module xil_defaultlib.CuDmaController_mbkb(ID=1,din4_W...
Compiling module xil_defaultlib.CuDmaController(C_M_AXI_CQDMA_TA...
Compiling module xil_defaultlib.emu_CuDmaController_0_0
Compiling architecture imp of entity axi_intc_v4_1_16.intc_core [\intc_core(c_family="virtexuplus...]
Compiling architecture imp of entity axi_lite_ipif_v3_0_4.pselect_f [\pselect_f(c_ab=3,c_aw=9,c_bar="...]
Compiling architecture imp of entity axi_lite_ipif_v3_0_4.pselect_f [\pselect_f(c_ab=4,c_aw=4,c_bar="...]
Compiling architecture imp of entity axi_lite_ipif_v3_0_4.pselect_f [\pselect_f(c_ab=4,c_aw=4,c_bar="...]
Compiling architecture imp of entity axi_lite_ipif_v3_0_4.pselect_f [\pselect_f(c_ab=4,c_aw=4,c_bar="...]
Compiling architecture imp of entity axi_lite_ipif_v3_0_4.pselect_f [\pselect_f(c_ab=4,c_aw=4,c_bar="...]
Compiling architecture imp of entity axi_lite_ipif_v3_0_4.pselect_f [\pselect_f(c_ab=4,c_aw=4,c_bar="...]
Compiling architecture imp of entity axi_lite_ipif_v3_0_4.pselect_f [\pselect_f(c_ab=4,c_aw=4,c_bar="...]
Compiling architecture imp of entity axi_lite_ipif_v3_0_4.pselect_f [\pselect_f(c_ab=4,c_aw=4,c_bar="...]
Compiling architecture imp of entity axi_lite_ipif_v3_0_4.pselect_f [\pselect_f(c_ab=4,c_aw=4,c_bar="...]
Compiling architecture imp of entity axi_lite_ipif_v3_0_4.pselect_f [\pselect_f(c_ab=4,c_aw=4,c_bar="...]
Compiling architecture imp of entity axi_lite_ipif_v3_0_4.pselect_f [\pselect_f(c_ab=4,c_aw=4,c_bar="...]
Compiling architecture imp of entity axi_lite_ipif_v3_0_4.pselect_f [\pselect_f(c_ab=4,c_aw=4,c_bar="...]
Compiling architecture imp of entity axi_lite_ipif_v3_0_4.pselect_f [\pselect_f(c_ab=4,c_aw=4,c_bar="...]
Compiling architecture imp of entity axi_lite_ipif_v3_0_4.pselect_f [\pselect_f(c_ab=4,c_aw=4,c_bar="...]
Compiling architecture imp of entity axi_lite_ipif_v3_0_4.pselect_f [\pselect_f(c_ab=4,c_aw=4,c_bar="...]
Compiling architecture imp of entity axi_lite_ipif_v3_0_4.pselect_f [\pselect_f(c_ab=4,c_aw=4,c_bar="...]
Compiling architecture imp of entity axi_lite_ipif_v3_0_4.pselect_f [\pselect_f(c_ab=4,c_aw=4,c_bar="...]
Compiling architecture imp of entity axi_lite_ipif_v3_0_4.pselect_f [\pselect_f(c_ab=2,c_aw=9,c_bar="...]
Compiling architecture imp of entity axi_lite_ipif_v3_0_4.pselect_f [\pselect_f(c_ab=1,c_aw=9,c_bar="...]
Compiling architecture imp of entity axi_lite_ipif_v3_0_4.pselect_f [\pselect_f(c_ab=1,c_aw=1,c_bar="...]
Compiling architecture imp of entity axi_lite_ipif_v3_0_4.pselect_f [\pselect_f(c_ab=1,c_aw=1,c_bar="...]
Compiling architecture imp of entity axi_lite_ipif_v3_0_4.address_decoder [\address_decoder(c_bus_awidth=9,...]
Compiling architecture imp of entity axi_lite_ipif_v3_0_4.slave_attachment [\slave_attachment(c_ard_addr_ran...]
Compiling architecture imp of entity axi_lite_ipif_v3_0_4.axi_lite_ipif [\axi_lite_ipif(c_s_axi_addr_widt...]
Compiling architecture imp of entity axi_intc_v4_1_16.axi_intc [\axi_intc(c_family="virtexuplusH...]
Compiling architecture emu_axi_intc_0_0_arch of entity xil_defaultlib.emu_axi_intc_0_0 [emu_axi_intc_0_0_default]
Compiling module xil_defaultlib.cuisr_a_m_axi_throttl_default
Compiling module xil_defaultlib.cuisr_a_m_axi_reg_slice(N=64)
Compiling module xil_defaultlib.cuisr_a_m_axi_fifo(DATA_BITS=64,...
Compiling module xil_defaultlib.cuisr_a_m_axi_buffer(DATA_WIDTH=...
Compiling module xil_defaultlib.cuisr_a_m_axi_fifo(DEPTH=5,DEPTH...
Compiling module xil_defaultlib.cuisr_a_m_axi_fifo(DATA_BITS=2,D...
Compiling module xil_defaultlib.cuisr_a_m_axi_fifo(DATA_BITS=2,D...
Compiling module xil_defaultlib.cuisr_a_m_axi_write(NUM_WRITE_OU...
Compiling module xil_defaultlib.cuisr_a_m_axi_buffer(DATA_WIDTH=...
Compiling module xil_defaultlib.cuisr_a_m_axi_reg_slice(N=34)
Compiling module xil_defaultlib.cuisr_a_m_axi_read(NUM_READ_OUTS...
Compiling module xil_defaultlib.cuisr_a_m_axi(NUM_READ_OUTSTANDI...
Compiling module xil_defaultlib.cuisr(C_M_AXI_A_TARGET_ADDR=32'b...
Compiling module xil_defaultlib.emu_cuisr_0_0
Compiling module xpm.xpm_cdc_array_single(DEST_SYNC_F...
Compiling module xil_defaultlib.irq_handler
Compiling module xil_defaultlib.CuDmaController_rtl
Compiling module xil_defaultlib.isr_irq_handler
Compiling module xil_defaultlib.CuISR
Compiling module xil_defaultlib.embedded_scheduler_hw
Compiling module xil_defaultlib.emu_embedded_scheduler_hw_0_0
Compiling module xil_defaultlib.emu_sim_embedded_scheduler_sw_0_...
Compiling module xlconcat_v2_1_4.xlconcat_v2_1_4_xlconcat_default
Compiling module xil_defaultlib.emu_xlconcat_0_0
Compiling module xlconstant_v1_1_7.xlconstant_v1_1_7_xlconstant(CON...
Compiling module xil_defaultlib.emu_xlconstant_0_0
Compiling module xil_defaultlib.embedded_schedular_imp_1KU1L3J
Compiling architecture emu_psr_dma_pcie_aclk_0_arch of entity xil_defaultlib.emu_psr_dma_pcie_aclk_0 [emu_psr_dma_pcie_aclk_0_default]
Compiling module xil_defaultlib.emu_sim_xdma_0_0
Compiling module xil_defaultlib.static_region_imp_PT295H
Compiling module xil_defaultlib.emu_xtlm_simple_intercon_0_0
Compiling module xil_defaultlib.emu
Compiling module xil_defaultlib.emu_wrapper
Compiling module xil_defaultlib.glbl
Built simulation snapshot emu_wrapper_behav
