INFO: [VRFC 10-2263] Analyzing Verilog file "/home/fpga/Documents/js/convfix_julien_source_yaniss_07022023/vitis_tmp/link/vivado/vpl/prj/prj.ip_user_files/bd/emu/ip/emu_ddr0_ui_clk_0/sim/emu_ddr0_ui_clk_0.v" into library xil_defaultlib
INFO: [VRFC 10-311] analyzing module emu_ddr0_ui_clk_0
INFO: [VRFC 10-2263] Analyzing Verilog file "/home/fpga/Documents/js/convfix_julien_source_yaniss_07022023/vitis_tmp/link/vivado/vpl/prj/prj.ip_user_files/bd/emu/ip/emu_kernel2_clk_0/sim/emu_kernel2_clk_0.v" into library xil_defaultlib
INFO: [VRFC 10-311] analyzing module emu_kernel2_clk_0
INFO: [VRFC 10-2263] Analyzing Verilog file "/home/fpga/Documents/js/convfix_julien_source_yaniss_07022023/vitis_tmp/link/vivado/vpl/prj/prj.ip_user_files/bd/emu/ip/emu_kernel_clk_0/sim/emu_kernel_clk_0.v" into library xil_defaultlib
INFO: [VRFC 10-311] analyzing module emu_kernel_clk_0
INFO: [VRFC 10-2263] Analyzing Verilog file "/home/fpga/Documents/js/convfix_julien_source_yaniss_07022023/vitis_tmp/link/vivado/vpl/prj/prj.ip_user_files/bd/emu/ip/emu_dma_pcie_clk_0/sim/emu_dma_pcie_clk_0.v" into library xil_defaultlib
INFO: [VRFC 10-311] analyzing module emu_dma_pcie_clk_0
INFO: [VRFC 10-2263] Analyzing Verilog file "/home/fpga/Documents/js/convfix_julien_source_yaniss_07022023/vitis_tmp/link/vivado/vpl/prj/prj.gen/sources_1/bd/emu/ipshared/e4e0/hdl/verilog/CuDmaController_mbkb.v" into library xil_defaultlib
INFO: [VRFC 10-311] analyzing module CuDmaController_mbkb
INFO: [VRFC 10-2263] Analyzing Verilog file "/home/fpga/Documents/js/convfix_julien_source_yaniss_07022023/vitis_tmp/link/vivado/vpl/prj/prj.gen/sources_1/bd/emu/ipshared/e4e0/hdl/verilog/CuDmaController_CQDma_m_axi.v" into library xil_defaultlib
INFO: [VRFC 10-311] analyzing module CuDmaController_CQDma_m_axi
INFO: [VRFC 10-311] analyzing module CuDmaController_CQDma_m_axi_reg_slice
INFO: [VRFC 10-311] analyzing module CuDmaController_CQDma_m_axi_fifo
INFO: [VRFC 10-311] analyzing module CuDmaController_CQDma_m_axi_buffer
INFO: [VRFC 10-311] analyzing module CuDmaController_CQDma_m_axi_decoder
INFO: [VRFC 10-311] analyzing module CuDmaController_CQDma_m_axi_throttl
INFO: [VRFC 10-311] analyzing module CuDmaController_CQDma_m_axi_read
INFO: [VRFC 10-311] analyzing module CuDmaController_CQDma_m_axi_write
INFO: [VRFC 10-2458] undeclared symbol data_valid, assumed default net type wire [/home/fpga/Documents/js/convfix_julien_source_yaniss_07022023/vitis_tmp/link/vivado/vpl/prj/prj.gen/sources_1/bd/emu/ipshared/e4e0/hdl/verilog/CuDmaController_CQDma_m_axi.v:2040]
INFO: [VRFC 10-2263] Analyzing Verilog file "/home/fpga/Documents/js/convfix_julien_source_yaniss_07022023/vitis_tmp/link/vivado/vpl/prj/prj.gen/sources_1/bd/emu/ipshared/e4e0/hdl/verilog/CuDmaController_CUDma_m_axi.v" into library xil_defaultlib
INFO: [VRFC 10-311] analyzing module CuDmaController_CUDma_m_axi
INFO: [VRFC 10-311] analyzing module CuDmaController_CUDma_m_axi_reg_slice
INFO: [VRFC 10-311] analyzing module CuDmaController_CUDma_m_axi_fifo
INFO: [VRFC 10-311] analyzing module CuDmaController_CUDma_m_axi_buffer
INFO: [VRFC 10-311] analyzing module CuDmaController_CUDma_m_axi_decoder
INFO: [VRFC 10-311] analyzing module CuDmaController_CUDma_m_axi_throttl
INFO: [VRFC 10-311] analyzing module CuDmaController_CUDma_m_axi_read
INFO: [VRFC 10-311] analyzing module CuDmaController_CUDma_m_axi_write
INFO: [VRFC 10-2458] undeclared symbol data_valid, assumed default net type wire [/home/fpga/Documents/js/convfix_julien_source_yaniss_07022023/vitis_tmp/link/vivado/vpl/prj/prj.gen/sources_1/bd/emu/ipshared/e4e0/hdl/verilog/CuDmaController_CUDma_m_axi.v:2040]
INFO: [VRFC 10-2263] Analyzing Verilog file "/home/fpga/Documents/js/convfix_julien_source_yaniss_07022023/vitis_tmp/link/vivado/vpl/prj/prj.gen/sources_1/bd/emu/ipshared/e4e0/hdl/verilog/CuDmaController.v" into library xil_defaultlib
INFO: [VRFC 10-311] analyzing module CuDmaController
INFO: [VRFC 10-2263] Analyzing Verilog file "/home/fpga/Documents/js/convfix_julien_source_yaniss_07022023/vitis_tmp/link/vivado/vpl/prj/prj.ip_user_files/bd/emu/ip/emu_CuDmaController_0_0/sim/emu_CuDmaController_0_0.v" into library xil_defaultlib
INFO: [VRFC 10-311] analyzing module emu_CuDmaController_0_0
INFO: [VRFC 10-2263] Analyzing Verilog file "/home/fpga/Documents/js/convfix_julien_source_yaniss_07022023/vitis_tmp/link/vivado/vpl/prj/prj.gen/sources_1/bd/emu/ipshared/8d9d/hdl/verilog/cuisr_a_m_axi.v" into library xil_defaultlib
INFO: [VRFC 10-311] analyzing module cuisr_a_m_axi
INFO: [VRFC 10-311] analyzing module cuisr_a_m_axi_reg_slice
INFO: [VRFC 10-311] analyzing module cuisr_a_m_axi_fifo
INFO: [VRFC 10-311] analyzing module cuisr_a_m_axi_buffer
INFO: [VRFC 10-311] analyzing module cuisr_a_m_axi_decoder
INFO: [VRFC 10-311] analyzing module cuisr_a_m_axi_throttl
INFO: [VRFC 10-311] analyzing module cuisr_a_m_axi_read
INFO: [VRFC 10-311] analyzing module cuisr_a_m_axi_write
INFO: [VRFC 10-2458] undeclared symbol data_valid, assumed default net type wire [/home/fpga/Documents/js/convfix_julien_source_yaniss_07022023/vitis_tmp/link/vivado/vpl/prj/prj.gen/sources_1/bd/emu/ipshared/8d9d/hdl/verilog/cuisr_a_m_axi.v:2040]
INFO: [VRFC 10-2263] Analyzing Verilog file "/home/fpga/Documents/js/convfix_julien_source_yaniss_07022023/vitis_tmp/link/vivado/vpl/prj/prj.gen/sources_1/bd/emu/ipshared/8d9d/hdl/verilog/cuisr.v" into library xil_defaultlib
INFO: [VRFC 10-311] analyzing module cuisr
INFO: [VRFC 10-2263] Analyzing Verilog file "/home/fpga/Documents/js/convfix_julien_source_yaniss_07022023/vitis_tmp/link/vivado/vpl/prj/prj.ip_user_files/bd/emu/ip/emu_cuisr_0_0/sim/emu_cuisr_0_0.v" into library xil_defaultlib
INFO: [VRFC 10-311] analyzing module emu_cuisr_0_0
INFO: [VRFC 10-2263] Analyzing Verilog file "/home/fpga/Documents/js/convfix_julien_source_yaniss_07022023/vitis_tmp/link/vivado/vpl/prj/prj.ip_user_files/bd/emu/ipshared/4292/src/embedded_scheduler_hw.v" into library xil_defaultlib
INFO: [VRFC 10-311] analyzing module embedded_scheduler_hw
WARNING: [VRFC 10-159] /* in comment [/home/fpga/Documents/js/convfix_julien_source_yaniss_07022023/vitis_tmp/link/vivado/vpl/prj/prj.ip_user_files/bd/emu/ipshared/4292/src/embedded_scheduler_hw.v:245]
INFO: [VRFC 10-2458] undeclared symbol src_clk, assumed default net type wire [/home/fpga/Documents/js/convfix_julien_source_yaniss_07022023/vitis_tmp/link/vivado/vpl/prj/prj.ip_user_files/bd/emu/ipshared/4292/src/embedded_scheduler_hw.v:371]
INFO: [VRFC 10-2263] Analyzing Verilog file "/home/fpga/Documents/js/convfix_julien_source_yaniss_07022023/vitis_tmp/link/vivado/vpl/prj/prj.ip_user_files/bd/emu/ipshared/4292/src/CuDmaController.v" into library xil_defaultlib
INFO: [VRFC 10-311] analyzing module CuDmaController_rtl
INFO: [VRFC 10-2263] Analyzing Verilog file "/home/fpga/Documents/js/convfix_julien_source_yaniss_07022023/vitis_tmp/link/vivado/vpl/prj/prj.ip_user_files/bd/emu/ipshared/4292/src/iob_static.v" into library xil_defaultlib
INFO: [VRFC 10-311] analyzing module iob_static
INFO: [VRFC 10-2263] Analyzing SystemVerilog file "/home/fpga/Documents/js/convfix_julien_source_yaniss_07022023/vitis_tmp/link/vivado/vpl/prj/prj.ip_user_files/bd/emu/ipshared/4292/src/isr_irq_handler.sv" into library xil_defaultlib
INFO: [VRFC 10-311] analyzing module isr_irq_handler
WARNING: [VRFC 10-8426] non-net output port 'irq' cannot be initialized at declaration in SystemVerilog mode [/home/fpga/Documents/js/convfix_julien_source_yaniss_07022023/vitis_tmp/link/vivado/vpl/prj/prj.ip_user_files/bd/emu/ipshared/4292/src/isr_irq_handler.sv:60]
INFO: [VRFC 10-2263] Analyzing Verilog file "/home/fpga/Documents/js/convfix_julien_source_yaniss_07022023/vitis_tmp/link/vivado/vpl/prj/prj.ip_user_files/bd/emu/ipshared/4292/src/freq_counter.v" into library xil_defaultlib
INFO: [VRFC 10-311] analyzing module freq_counter
INFO: [VRFC 10-2458] undeclared symbol user_rst0_ack, assumed default net type wire [/home/fpga/Documents/js/convfix_julien_source_yaniss_07022023/vitis_tmp/link/vivado/vpl/prj/prj.ip_user_files/bd/emu/ipshared/4292/src/freq_counter.v:149]
INFO: [VRFC 10-2263] Analyzing Verilog file "/home/fpga/Documents/js/convfix_julien_source_yaniss_07022023/vitis_tmp/link/vivado/vpl/prj/prj.ip_user_files/bd/emu/ipshared/4292/src/CuISR.v" into library xil_defaultlib
INFO: [VRFC 10-311] analyzing module CuISR
INFO: [VRFC 10-2458] undeclared symbol state3, assumed default net type wire [/home/fpga/Documents/js/convfix_julien_source_yaniss_07022023/vitis_tmp/link/vivado/vpl/prj/prj.ip_user_files/bd/emu/ipshared/4292/src/CuISR.v:232]
INFO: [VRFC 10-2458] undeclared symbol state4, assumed default net type wire [/home/fpga/Documents/js/convfix_julien_source_yaniss_07022023/vitis_tmp/link/vivado/vpl/prj/prj.ip_user_files/bd/emu/ipshared/4292/src/CuISR.v:244]
INFO: [VRFC 10-2458] undeclared symbol state5, assumed default net type wire [/home/fpga/Documents/js/convfix_julien_source_yaniss_07022023/vitis_tmp/link/vivado/vpl/prj/prj.ip_user_files/bd/emu/ipshared/4292/src/CuISR.v:256]
INFO: [VRFC 10-2458] undeclared symbol state6, assumed default net type wire [/home/fpga/Documents/js/convfix_julien_source_yaniss_07022023/vitis_tmp/link/vivado/vpl/prj/prj.ip_user_files/bd/emu/ipshared/4292/src/CuISR.v:268]
INFO: [VRFC 10-2263] Analyzing Verilog file "/home/fpga/Documents/js/convfix_julien_source_yaniss_07022023/vitis_tmp/link/vivado/vpl/prj/prj.ip_user_files/bd/emu/ipshared/4292/src/irq_handler.v" into library xil_defaultlib
INFO: [VRFC 10-311] analyzing module irq_handler
INFO: [VRFC 10-2263] Analyzing Verilog file "/home/fpga/Documents/js/convfix_julien_source_yaniss_07022023/vitis_tmp/link/vivado/vpl/prj/prj.ip_user_files/bd/emu/ip/emu_embedded_scheduler_hw_0_0/sim/emu_embedded_scheduler_hw_0_0.v" into library xil_defaultlib
INFO: [VRFC 10-311] analyzing module emu_embedded_scheduler_hw_0_0
INFO: [VRFC 10-2263] Analyzing SystemVerilog file "/home/fpga/Documents/js/convfix_julien_source_yaniss_07022023/vitis_tmp/link/vivado/vpl/prj/prj.ip_user_files/bd/emu/ip/emu_sim_embedded_scheduler_sw_0_0/sim/emu_sim_embedded_scheduler_sw_0_0_stub.sv" into library xil_defaultlib
INFO: [VRFC 10-311] analyzing module emu_sim_embedded_scheduler_sw_0_0
INFO: [VRFC 10-2263] Analyzing Verilog file "/home/fpga/Documents/js/convfix_julien_source_yaniss_07022023/vitis_tmp/link/vivado/vpl/prj/prj.ip_user_files/bd/emu/ip/emu_xlconcat_0_0/sim/emu_xlconcat_0_0.v" into library xil_defaultlib
INFO: [VRFC 10-311] analyzing module emu_xlconcat_0_0
INFO: [VRFC 10-2263] Analyzing Verilog file "/home/fpga/Documents/js/convfix_julien_source_yaniss_07022023/vitis_tmp/link/vivado/vpl/prj/prj.ip_user_files/bd/emu/ip/emu_xlconstant_0_0/sim/emu_xlconstant_0_0.v" into library xil_defaultlib
INFO: [VRFC 10-311] analyzing module emu_xlconstant_0_0
INFO: [VRFC 10-2263] Analyzing SystemVerilog file "/home/fpga/Documents/js/convfix_julien_source_yaniss_07022023/vitis_tmp/link/vivado/vpl/prj/prj.ip_user_files/bd/emu/ip/emu_sim_xdma_0_0/sim/emu_sim_xdma_0_0_stub.sv" into library xil_defaultlib
INFO: [VRFC 10-311] analyzing module emu_sim_xdma_0_0
INFO: [VRFC 10-2263] Analyzing Verilog file "/home/fpga/Documents/js/convfix_julien_source_yaniss_07022023/vitis_tmp/link/vivado/vpl/prj/prj.ip_user_files/bd/emu/ip/emu_kernel2_clk_1/sim/emu_kernel2_clk_1.v" into library xil_defaultlib
INFO: [VRFC 10-311] analyzing module emu_kernel2_clk_1
INFO: [VRFC 10-2263] Analyzing Verilog file "/home/fpga/Documents/js/convfix_julien_source_yaniss_07022023/vitis_tmp/link/vivado/vpl/prj/prj.ip_user_files/bd/emu/ip/emu_kernel_clk_1/sim/emu_kernel_clk_1.v" into library xil_defaultlib
INFO: [VRFC 10-311] analyzing module emu_kernel_clk_1
INFO: [VRFC 10-2263] Analyzing SystemVerilog file "/home/fpga/Documents/js/convfix_julien_source_yaniss_07022023/vitis_tmp/link/vivado/vpl/prj/prj.ip_user_files/bd/emu/ip/emu_xtlm_simple_intercon_0_0/sim/emu_xtlm_simple_intercon_0_0_stub.sv" into library xil_defaultlib
INFO: [VRFC 10-311] analyzing module emu_xtlm_simple_intercon_0_0
INFO: [VRFC 10-2263] Analyzing SystemVerilog file "/home/fpga/Documents/js/convfix_julien_source_yaniss_07022023/vitis_tmp/link/vivado/vpl/prj/prj.ip_user_files/bd/emu/ip/emu_memory_subsystem_0/bd_0/ip/ip_0/sim/bd_3a93_xtlm_simple_intercon_0_0_stub.sv" into library xil_defaultlib
INFO: [VRFC 10-311] analyzing module bd_3a93_xtlm_simple_intercon_0_0
INFO: [VRFC 10-2263] Analyzing SystemVerilog file "/home/fpga/Documents/js/convfix_julien_source_yaniss_07022023/vitis_tmp/link/vivado/vpl/prj/prj.ip_user_files/bd/emu/ip/emu_memory_subsystem_0/bd_0/ip/ip_1/sim/bd_3a93_plram_0_0_stub.sv" into library xil_defaultlib
INFO: [VRFC 10-311] analyzing module bd_3a93_plram_0_0
INFO: [VRFC 10-2263] Analyzing SystemVerilog file "/home/fpga/Documents/js/convfix_julien_source_yaniss_07022023/vitis_tmp/link/vivado/vpl/prj/prj.ip_user_files/bd/emu/ip/emu_memory_subsystem_0/bd_0/ip/ip_2/sim/bd_3a93_plram_1_0_stub.sv" into library xil_defaultlib
INFO: [VRFC 10-311] analyzing module bd_3a93_plram_1_0
INFO: [VRFC 10-2263] Analyzing SystemVerilog file "/home/fpga/Documents/js/convfix_julien_source_yaniss_07022023/vitis_tmp/link/vivado/vpl/prj/prj.ip_user_files/bd/emu/ip/emu_memory_subsystem_0/bd_0/ip/ip_3/sim/bd_3a93_plram_2_0_stub.sv" into library xil_defaultlib
INFO: [VRFC 10-311] analyzing module bd_3a93_plram_2_0
INFO: [VRFC 10-2263] Analyzing SystemVerilog file "/home/fpga/Documents/js/convfix_julien_source_yaniss_07022023/vitis_tmp/link/vivado/vpl/prj/prj.ip_user_files/bd/emu/ip/emu_memory_subsystem_0/bd_0/ip/ip_4/sim/bd_3a93_plram_3_0_stub.sv" into library xil_defaultlib
INFO: [VRFC 10-311] analyzing module bd_3a93_plram_3_0
INFO: [VRFC 10-2263] Analyzing SystemVerilog file "/home/fpga/Documents/js/convfix_julien_source_yaniss_07022023/vitis_tmp/link/vivado/vpl/prj/prj.ip_user_files/bd/emu/ip/emu_memory_subsystem_0/bd_0/ip/ip_5/sim/bd_3a93_plram_4_0_stub.sv" into library xil_defaultlib
INFO: [VRFC 10-311] analyzing module bd_3a93_plram_4_0
INFO: [VRFC 10-2263] Analyzing SystemVerilog file "/home/fpga/Documents/js/convfix_julien_source_yaniss_07022023/vitis_tmp/link/vivado/vpl/prj/prj.ip_user_files/bd/emu/ip/emu_memory_subsystem_0/bd_0/ip/ip_6/sim/bd_3a93_plram_5_0_stub.sv" into library xil_defaultlib
INFO: [VRFC 10-311] analyzing module bd_3a93_plram_5_0
INFO: [VRFC 10-2263] Analyzing SystemVerilog file "/home/fpga/Documents/js/convfix_julien_source_yaniss_07022023/vitis_tmp/link/vivado/vpl/prj/prj.ip_user_files/bd/emu/ip/emu_memory_subsystem_0/sim/emu_memory_subsystem_0_stub.sv" into library xil_defaultlib
INFO: [VRFC 10-311] analyzing module emu_memory_subsystem_0
INFO: [VRFC 10-2263] Analyzing SystemVerilog file "/home/fpga/Documents/js/convfix_julien_source_yaniss_07022023/vitis_tmp/link/vivado/vpl/prj/prj.ip_user_files/bd/emu/ip/emu_sim_ddr_0_0/sim/emu_sim_ddr_0_0_stub.sv" into library xil_defaultlib
INFO: [VRFC 10-311] analyzing module emu_sim_ddr_0_0
INFO: [VRFC 10-2263] Analyzing SystemVerilog file "/home/fpga/Documents/js/convfix_julien_source_yaniss_07022023/vitis_tmp/link/vivado/vpl/prj/prj.ip_user_files/bd/emu/ip/emu_sim_ddr_1_0/sim/emu_sim_ddr_1_0_stub.sv" into library xil_defaultlib
INFO: [VRFC 10-311] analyzing module emu_sim_ddr_1_0
INFO: [VRFC 10-2263] Analyzing Verilog file "/home/fpga/Documents/js/convfix_julien_source_yaniss_07022023/vitis_tmp/link/vivado/vpl/prj/prj.ip_user_files/bd/emu/ip/emu_hbm_clk_0/sim/emu_hbm_clk_0.v" into library xil_defaultlib
INFO: [VRFC 10-311] analyzing module emu_hbm_clk_0
INFO: [VRFC 10-2263] Analyzing SystemVerilog file "/home/fpga/Documents/js/convfix_julien_source_yaniss_07022023/vitis_tmp/link/vivado/vpl/prj/prj.ip_user_files/bd/emu/ip/emu_hmss_0_0/bd_0/ip/ip_0/sim/bd_9678_xtlm_intercon_host_0_stub.sv" into library xil_defaultlib
INFO: [VRFC 10-311] analyzing module bd_9678_xtlm_intercon_host_0
INFO: [VRFC 10-2263] Analyzing SystemVerilog file "/home/fpga/Documents/js/convfix_julien_source_yaniss_07022023/vitis_tmp/link/vivado/vpl/prj/prj.ip_user_files/bd/emu/ip/emu_hmss_0_0/bd_0/ip/ip_1/sim/bd_9678_xtlm_intercon_kernel_0_stub.sv" into library xil_defaultlib
INFO: [VRFC 10-311] analyzing module bd_9678_xtlm_intercon_kernel_0
INFO: [VRFC 10-2263] Analyzing SystemVerilog file "/home/fpga/Documents/js/convfix_julien_source_yaniss_07022023/vitis_tmp/link/vivado/vpl/prj/prj.ip_user_files/bd/emu/ip/emu_hmss_0_0/bd_0/ip/ip_2/sim/bd_9678_hbm_ram0_0_stub.sv" into library xil_defaultlib
INFO: [VRFC 10-311] analyzing module bd_9678_hbm_ram0_0
INFO: [VRFC 10-2263] Analyzing SystemVerilog file "/home/fpga/Documents/js/convfix_julien_source_yaniss_07022023/vitis_tmp/link/vivado/vpl/prj/prj.ip_user_files/bd/emu/ip/emu_hmss_0_0/bd_0/ip/ip_3/sim/bd_9678_xtlm_intercon_hbm0_0_stub.sv" into library xil_defaultlib
INFO: [VRFC 10-311] analyzing module bd_9678_xtlm_intercon_hbm0_0
INFO: [VRFC 10-2263] Analyzing SystemVerilog file "/home/fpga/Documents/js/convfix_julien_source_yaniss_07022023/vitis_tmp/link/vivado/vpl/prj/prj.ip_user_files/bd/emu/ip/emu_hmss_0_0/bd_0/ip/ip_4/sim/bd_9678_hbm_ram1_0_stub.sv" into library xil_defaultlib
INFO: [VRFC 10-311] analyzing module bd_9678_hbm_ram1_0
INFO: [VRFC 10-2263] Analyzing SystemVerilog file "/home/fpga/Documents/js/convfix_julien_source_yaniss_07022023/vitis_tmp/link/vivado/vpl/prj/prj.ip_user_files/bd/emu/ip/emu_hmss_0_0/bd_0/ip/ip_5/sim/bd_9678_xtlm_intercon_hbm1_0_stub.sv" into library xil_defaultlib
INFO: [VRFC 10-311] analyzing module bd_9678_xtlm_intercon_hbm1_0
INFO: [VRFC 10-2263] Analyzing SystemVerilog file "/home/fpga/Documents/js/convfix_julien_source_yaniss_07022023/vitis_tmp/link/vivado/vpl/prj/prj.ip_user_files/bd/emu/ip/emu_hmss_0_0/bd_0/ip/ip_6/sim/bd_9678_hbm_ram2_0_stub.sv" into library xil_defaultlib
INFO: [VRFC 10-311] analyzing module bd_9678_hbm_ram2_0
INFO: [VRFC 10-2263] Analyzing SystemVerilog file "/home/fpga/Documents/js/convfix_julien_source_yaniss_07022023/vitis_tmp/link/vivado/vpl/prj/prj.ip_user_files/bd/emu/ip/emu_hmss_0_0/bd_0/ip/ip_7/sim/bd_9678_xtlm_intercon_hbm2_0_stub.sv" into library xil_defaultlib
INFO: [VRFC 10-311] analyzing module bd_9678_xtlm_intercon_hbm2_0
INFO: [VRFC 10-2263] Analyzing SystemVerilog file "/home/fpga/Documents/js/convfix_julien_source_yaniss_07022023/vitis_tmp/link/vivado/vpl/prj/prj.ip_user_files/bd/emu/ip/emu_hmss_0_0/bd_0/ip/ip_8/sim/bd_9678_hbm_ram3_0_stub.sv" into library xil_defaultlib
INFO: [VRFC 10-311] analyzing module bd_9678_hbm_ram3_0
INFO: [VRFC 10-2263] Analyzing SystemVerilog file "/home/fpga/Documents/js/convfix_julien_source_yaniss_07022023/vitis_tmp/link/vivado/vpl/prj/prj.ip_user_files/bd/emu/ip/emu_hmss_0_0/bd_0/ip/ip_9/sim/bd_9678_xtlm_intercon_hbm3_0_stub.sv" into library xil_defaultlib
INFO: [VRFC 10-311] analyzing module bd_9678_xtlm_intercon_hbm3_0
INFO: [VRFC 10-2263] Analyzing SystemVerilog file "/home/fpga/Documents/js/convfix_julien_source_yaniss_07022023/vitis_tmp/link/vivado/vpl/prj/prj.ip_user_files/bd/emu/ip/emu_hmss_0_0/bd_0/ip/ip_10/sim/bd_9678_hbm_ram4_0_stub.sv" into library xil_defaultlib
INFO: [VRFC 10-311] analyzing module bd_9678_hbm_ram4_0
INFO: [VRFC 10-2263] Analyzing SystemVerilog file "/home/fpga/Documents/js/convfix_julien_source_yaniss_07022023/vitis_tmp/link/vivado/vpl/prj/prj.ip_user_files/bd/emu/ip/emu_hmss_0_0/bd_0/ip/ip_11/sim/bd_9678_xtlm_intercon_hbm4_0_stub.sv" into library xil_defaultlib
INFO: [VRFC 10-311] analyzing module bd_9678_xtlm_intercon_hbm4_0
INFO: [VRFC 10-2263] Analyzing SystemVerilog file "/home/fpga/Documents/js/convfix_julien_source_yaniss_07022023/vitis_tmp/link/vivado/vpl/prj/prj.ip_user_files/bd/emu/ip/emu_hmss_0_0/bd_0/ip/ip_12/sim/bd_9678_hbm_ram5_0_stub.sv" into library xil_defaultlib
INFO: [VRFC 10-311] analyzing module bd_9678_hbm_ram5_0
INFO: [VRFC 10-2263] Analyzing SystemVerilog file "/home/fpga/Documents/js/convfix_julien_source_yaniss_07022023/vitis_tmp/link/vivado/vpl/prj/prj.ip_user_files/bd/emu/ip/emu_hmss_0_0/bd_0/ip/ip_13/sim/bd_9678_xtlm_intercon_hbm5_0_stub.sv" into library xil_defaultlib
INFO: [VRFC 10-311] analyzing module bd_9678_xtlm_intercon_hbm5_0
INFO: [VRFC 10-2263] Analyzing SystemVerilog file "/home/fpga/Documents/js/convfix_julien_source_yaniss_07022023/vitis_tmp/link/vivado/vpl/prj/prj.ip_user_files/bd/emu/ip/emu_hmss_0_0/bd_0/ip/ip_14/sim/bd_9678_hbm_ram6_0_stub.sv" into library xil_defaultlib
INFO: [VRFC 10-311] analyzing module bd_9678_hbm_ram6_0
INFO: [VRFC 10-2263] Analyzing SystemVerilog file "/home/fpga/Documents/js/convfix_julien_source_yaniss_07022023/vitis_tmp/link/vivado/vpl/prj/prj.ip_user_files/bd/emu/ip/emu_hmss_0_0/bd_0/ip/ip_15/sim/bd_9678_xtlm_intercon_hbm6_0_stub.sv" into library xil_defaultlib
INFO: [VRFC 10-311] analyzing module bd_9678_xtlm_intercon_hbm6_0
INFO: [VRFC 10-2263] Analyzing SystemVerilog file "/home/fpga/Documents/js/convfix_julien_source_yaniss_07022023/vitis_tmp/link/vivado/vpl/prj/prj.ip_user_files/bd/emu/ip/emu_hmss_0_0/bd_0/ip/ip_16/sim/bd_9678_hbm_ram7_0_stub.sv" into library xil_defaultlib
INFO: [VRFC 10-311] analyzing module bd_9678_hbm_ram7_0
INFO: [VRFC 10-2263] Analyzing SystemVerilog file "/home/fpga/Documents/js/convfix_julien_source_yaniss_07022023/vitis_tmp/link/vivado/vpl/prj/prj.ip_user_files/bd/emu/ip/emu_hmss_0_0/bd_0/ip/ip_17/sim/bd_9678_xtlm_intercon_hbm7_0_stub.sv" into library xil_defaultlib
INFO: [VRFC 10-311] analyzing module bd_9678_xtlm_intercon_hbm7_0
INFO: [VRFC 10-2263] Analyzing SystemVerilog file "/home/fpga/Documents/js/convfix_julien_source_yaniss_07022023/vitis_tmp/link/vivado/vpl/prj/prj.ip_user_files/bd/emu/ip/emu_hmss_0_0/bd_0/ip/ip_18/sim/bd_9678_hbm_ram8_0_stub.sv" into library xil_defaultlib
INFO: [VRFC 10-311] analyzing module bd_9678_hbm_ram8_0
INFO: [VRFC 10-2263] Analyzing SystemVerilog file "/home/fpga/Documents/js/convfix_julien_source_yaniss_07022023/vitis_tmp/link/vivado/vpl/prj/prj.ip_user_files/bd/emu/ip/emu_hmss_0_0/bd_0/ip/ip_19/sim/bd_9678_xtlm_intercon_hbm8_0_stub.sv" into library xil_defaultlib
INFO: [VRFC 10-311] analyzing module bd_9678_xtlm_intercon_hbm8_0
INFO: [VRFC 10-2263] Analyzing SystemVerilog file "/home/fpga/Documents/js/convfix_julien_source_yaniss_07022023/vitis_tmp/link/vivado/vpl/prj/prj.ip_user_files/bd/emu/ip/emu_hmss_0_0/bd_0/ip/ip_20/sim/bd_9678_hbm_ram9_0_stub.sv" into library xil_defaultlib
INFO: [VRFC 10-311] analyzing module bd_9678_hbm_ram9_0
INFO: [VRFC 10-2263] Analyzing SystemVerilog file "/home/fpga/Documents/js/convfix_julien_source_yaniss_07022023/vitis_tmp/link/vivado/vpl/prj/prj.ip_user_files/bd/emu/ip/emu_hmss_0_0/bd_0/ip/ip_21/sim/bd_9678_xtlm_intercon_hbm9_0_stub.sv" into library xil_defaultlib
INFO: [VRFC 10-311] analyzing module bd_9678_xtlm_intercon_hbm9_0
INFO: [VRFC 10-2263] Analyzing SystemVerilog file "/home/fpga/Documents/js/convfix_julien_source_yaniss_07022023/vitis_tmp/link/vivado/vpl/prj/prj.ip_user_files/bd/emu/ip/emu_hmss_0_0/bd_0/ip/ip_22/sim/bd_9678_hbm_ram10_0_stub.sv" into library xil_defaultlib
INFO: [VRFC 10-311] analyzing module bd_9678_hbm_ram10_0
INFO: [VRFC 10-2263] Analyzing SystemVerilog file "/home/fpga/Documents/js/convfix_julien_source_yaniss_07022023/vitis_tmp/link/vivado/vpl/prj/prj.ip_user_files/bd/emu/ip/emu_hmss_0_0/bd_0/ip/ip_23/sim/bd_9678_xtlm_intercon_hbm10_0_stub.sv" into library xil_defaultlib
INFO: [VRFC 10-311] analyzing module bd_9678_xtlm_intercon_hbm10_0
INFO: [VRFC 10-2263] Analyzing SystemVerilog file "/home/fpga/Documents/js/convfix_julien_source_yaniss_07022023/vitis_tmp/link/vivado/vpl/prj/prj.ip_user_files/bd/emu/ip/emu_hmss_0_0/bd_0/ip/ip_24/sim/bd_9678_hbm_ram11_0_stub.sv" into library xil_defaultlib
INFO: [VRFC 10-311] analyzing module bd_9678_hbm_ram11_0
INFO: [VRFC 10-2263] Analyzing SystemVerilog file "/home/fpga/Documents/js/convfix_julien_source_yaniss_07022023/vitis_tmp/link/vivado/vpl/prj/prj.ip_user_files/bd/emu/ip/emu_hmss_0_0/bd_0/ip/ip_25/sim/bd_9678_xtlm_intercon_hbm11_0_stub.sv" into library xil_defaultlib
INFO: [VRFC 10-311] analyzing module bd_9678_xtlm_intercon_hbm11_0
INFO: [VRFC 10-2263] Analyzing SystemVerilog file "/home/fpga/Documents/js/convfix_julien_source_yaniss_07022023/vitis_tmp/link/vivado/vpl/prj/prj.ip_user_files/bd/emu/ip/emu_hmss_0_0/bd_0/ip/ip_26/sim/bd_9678_hbm_ram12_0_stub.sv" into library xil_defaultlib
INFO: [VRFC 10-311] analyzing module bd_9678_hbm_ram12_0
INFO: [VRFC 10-2263] Analyzing SystemVerilog file "/home/fpga/Documents/js/convfix_julien_source_yaniss_07022023/vitis_tmp/link/vivado/vpl/prj/prj.ip_user_files/bd/emu/ip/emu_hmss_0_0/bd_0/ip/ip_27/sim/bd_9678_xtlm_intercon_hbm12_0_stub.sv" into library xil_defaultlib
INFO: [VRFC 10-311] analyzing module bd_9678_xtlm_intercon_hbm12_0
INFO: [VRFC 10-2263] Analyzing SystemVerilog file "/home/fpga/Documents/js/convfix_julien_source_yaniss_07022023/vitis_tmp/link/vivado/vpl/prj/prj.ip_user_files/bd/emu/ip/emu_hmss_0_0/bd_0/ip/ip_28/sim/bd_9678_hbm_ram13_0_stub.sv" into library xil_defaultlib
INFO: [VRFC 10-311] analyzing module bd_9678_hbm_ram13_0
INFO: [VRFC 10-2263] Analyzing SystemVerilog file "/home/fpga/Documents/js/convfix_julien_source_yaniss_07022023/vitis_tmp/link/vivado/vpl/prj/prj.ip_user_files/bd/emu/ip/emu_hmss_0_0/bd_0/ip/ip_29/sim/bd_9678_xtlm_intercon_hbm13_0_stub.sv" into library xil_defaultlib
INFO: [VRFC 10-311] analyzing module bd_9678_xtlm_intercon_hbm13_0
INFO: [VRFC 10-2263] Analyzing SystemVerilog file "/home/fpga/Documents/js/convfix_julien_source_yaniss_07022023/vitis_tmp/link/vivado/vpl/prj/prj.ip_user_files/bd/emu/ip/emu_hmss_0_0/bd_0/ip/ip_30/sim/bd_9678_hbm_ram14_0_stub.sv" into library xil_defaultlib
INFO: [VRFC 10-311] analyzing module bd_9678_hbm_ram14_0
INFO: [VRFC 10-2263] Analyzing SystemVerilog file "/home/fpga/Documents/js/convfix_julien_source_yaniss_07022023/vitis_tmp/link/vivado/vpl/prj/prj.ip_user_files/bd/emu/ip/emu_hmss_0_0/bd_0/ip/ip_31/sim/bd_9678_xtlm_intercon_hbm14_0_stub.sv" into library xil_defaultlib
INFO: [VRFC 10-311] analyzing module bd_9678_xtlm_intercon_hbm14_0
INFO: [VRFC 10-2263] Analyzing SystemVerilog file "/home/fpga/Documents/js/convfix_julien_source_yaniss_07022023/vitis_tmp/link/vivado/vpl/prj/prj.ip_user_files/bd/emu/ip/emu_hmss_0_0/bd_0/ip/ip_32/sim/bd_9678_hbm_ram15_0_stub.sv" into library xil_defaultlib
INFO: [VRFC 10-311] analyzing module bd_9678_hbm_ram15_0
INFO: [VRFC 10-2263] Analyzing SystemVerilog file "/home/fpga/Documents/js/convfix_julien_source_yaniss_07022023/vitis_tmp/link/vivado/vpl/prj/prj.ip_user_files/bd/emu/ip/emu_hmss_0_0/bd_0/ip/ip_33/sim/bd_9678_xtlm_intercon_hbm15_0_stub.sv" into library xil_defaultlib
INFO: [VRFC 10-311] analyzing module bd_9678_xtlm_intercon_hbm15_0
INFO: [VRFC 10-2263] Analyzing SystemVerilog file "/home/fpga/Documents/js/convfix_julien_source_yaniss_07022023/vitis_tmp/link/vivado/vpl/prj/prj.ip_user_files/bd/emu/ip/emu_hmss_0_0/bd_0/ip/ip_34/sim/bd_9678_hbm_ram16_0_stub.sv" into library xil_defaultlib
INFO: [VRFC 10-311] analyzing module bd_9678_hbm_ram16_0
INFO: [VRFC 10-2263] Analyzing SystemVerilog file "/home/fpga/Documents/js/convfix_julien_source_yaniss_07022023/vitis_tmp/link/vivado/vpl/prj/prj.ip_user_files/bd/emu/ip/emu_hmss_0_0/bd_0/ip/ip_35/sim/bd_9678_xtlm_intercon_hbm16_0_stub.sv" into library xil_defaultlib
INFO: [VRFC 10-311] analyzing module bd_9678_xtlm_intercon_hbm16_0
INFO: [VRFC 10-2263] Analyzing SystemVerilog file "/home/fpga/Documents/js/convfix_julien_source_yaniss_07022023/vitis_tmp/link/vivado/vpl/prj/prj.ip_user_files/bd/emu/ip/emu_hmss_0_0/bd_0/ip/ip_36/sim/bd_9678_hbm_ram17_0_stub.sv" into library xil_defaultlib
INFO: [VRFC 10-311] analyzing module bd_9678_hbm_ram17_0
INFO: [VRFC 10-2263] Analyzing SystemVerilog file "/home/fpga/Documents/js/convfix_julien_source_yaniss_07022023/vitis_tmp/link/vivado/vpl/prj/prj.ip_user_files/bd/emu/ip/emu_hmss_0_0/bd_0/ip/ip_37/sim/bd_9678_xtlm_intercon_hbm17_0_stub.sv" into library xil_defaultlib
INFO: [VRFC 10-311] analyzing module bd_9678_xtlm_intercon_hbm17_0
INFO: [VRFC 10-2263] Analyzing SystemVerilog file "/home/fpga/Documents/js/convfix_julien_source_yaniss_07022023/vitis_tmp/link/vivado/vpl/prj/prj.ip_user_files/bd/emu/ip/emu_hmss_0_0/bd_0/ip/ip_38/sim/bd_9678_hbm_ram18_0_stub.sv" into library xil_defaultlib
INFO: [VRFC 10-311] analyzing module bd_9678_hbm_ram18_0
INFO: [VRFC 10-2263] Analyzing SystemVerilog file "/home/fpga/Documents/js/convfix_julien_source_yaniss_07022023/vitis_tmp/link/vivado/vpl/prj/prj.ip_user_files/bd/emu/ip/emu_hmss_0_0/bd_0/ip/ip_39/sim/bd_9678_xtlm_intercon_hbm18_0_stub.sv" into library xil_defaultlib
INFO: [VRFC 10-311] analyzing module bd_9678_xtlm_intercon_hbm18_0
INFO: [VRFC 10-2263] Analyzing SystemVerilog file "/home/fpga/Documents/js/convfix_julien_source_yaniss_07022023/vitis_tmp/link/vivado/vpl/prj/prj.ip_user_files/bd/emu/ip/emu_hmss_0_0/bd_0/ip/ip_40/sim/bd_9678_hbm_ram19_0_stub.sv" into library xil_defaultlib
INFO: [VRFC 10-311] analyzing module bd_9678_hbm_ram19_0
INFO: [VRFC 10-2263] Analyzing SystemVerilog file "/home/fpga/Documents/js/convfix_julien_source_yaniss_07022023/vitis_tmp/link/vivado/vpl/prj/prj.ip_user_files/bd/emu/ip/emu_hmss_0_0/bd_0/ip/ip_41/sim/bd_9678_xtlm_intercon_hbm19_0_stub.sv" into library xil_defaultlib
INFO: [VRFC 10-311] analyzing module bd_9678_xtlm_intercon_hbm19_0
INFO: [VRFC 10-2263] Analyzing SystemVerilog file "/home/fpga/Documents/js/convfix_julien_source_yaniss_07022023/vitis_tmp/link/vivado/vpl/prj/prj.ip_user_files/bd/emu/ip/emu_hmss_0_0/bd_0/ip/ip_42/sim/bd_9678_hbm_ram20_0_stub.sv" into library xil_defaultlib
INFO: [VRFC 10-311] analyzing module bd_9678_hbm_ram20_0
INFO: [VRFC 10-2263] Analyzing SystemVerilog file "/home/fpga/Documents/js/convfix_julien_source_yaniss_07022023/vitis_tmp/link/vivado/vpl/prj/prj.ip_user_files/bd/emu/ip/emu_hmss_0_0/bd_0/ip/ip_43/sim/bd_9678_xtlm_intercon_hbm20_0_stub.sv" into library xil_defaultlib
INFO: [VRFC 10-311] analyzing module bd_9678_xtlm_intercon_hbm20_0
INFO: [VRFC 10-2263] Analyzing SystemVerilog file "/home/fpga/Documents/js/convfix_julien_source_yaniss_07022023/vitis_tmp/link/vivado/vpl/prj/prj.ip_user_files/bd/emu/ip/emu_hmss_0_0/bd_0/ip/ip_44/sim/bd_9678_hbm_ram21_0_stub.sv" into library xil_defaultlib
INFO: [VRFC 10-311] analyzing module bd_9678_hbm_ram21_0
INFO: [VRFC 10-2263] Analyzing SystemVerilog file "/home/fpga/Documents/js/convfix_julien_source_yaniss_07022023/vitis_tmp/link/vivado/vpl/prj/prj.ip_user_files/bd/emu/ip/emu_hmss_0_0/bd_0/ip/ip_45/sim/bd_9678_xtlm_intercon_hbm21_0_stub.sv" into library xil_defaultlib
INFO: [VRFC 10-311] analyzing module bd_9678_xtlm_intercon_hbm21_0
INFO: [VRFC 10-2263] Analyzing SystemVerilog file "/home/fpga/Documents/js/convfix_julien_source_yaniss_07022023/vitis_tmp/link/vivado/vpl/prj/prj.ip_user_files/bd/emu/ip/emu_hmss_0_0/bd_0/ip/ip_46/sim/bd_9678_hbm_ram22_0_stub.sv" into library xil_defaultlib
INFO: [VRFC 10-311] analyzing module bd_9678_hbm_ram22_0
INFO: [VRFC 10-2263] Analyzing SystemVerilog file "/home/fpga/Documents/js/convfix_julien_source_yaniss_07022023/vitis_tmp/link/vivado/vpl/prj/prj.ip_user_files/bd/emu/ip/emu_hmss_0_0/bd_0/ip/ip_47/sim/bd_9678_xtlm_intercon_hbm22_0_stub.sv" into library xil_defaultlib
INFO: [VRFC 10-311] analyzing module bd_9678_xtlm_intercon_hbm22_0
INFO: [VRFC 10-2263] Analyzing SystemVerilog file "/home/fpga/Documents/js/convfix_julien_source_yaniss_07022023/vitis_tmp/link/vivado/vpl/prj/prj.ip_user_files/bd/emu/ip/emu_hmss_0_0/bd_0/ip/ip_48/sim/bd_9678_hbm_ram23_0_stub.sv" into library xil_defaultlib
INFO: [VRFC 10-311] analyzing module bd_9678_hbm_ram23_0
INFO: [VRFC 10-2263] Analyzing SystemVerilog file "/home/fpga/Documents/js/convfix_julien_source_yaniss_07022023/vitis_tmp/link/vivado/vpl/prj/prj.ip_user_files/bd/emu/ip/emu_hmss_0_0/bd_0/ip/ip_49/sim/bd_9678_xtlm_intercon_hbm23_0_stub.sv" into library xil_defaultlib
INFO: [VRFC 10-311] analyzing module bd_9678_xtlm_intercon_hbm23_0
INFO: [VRFC 10-2263] Analyzing SystemVerilog file "/home/fpga/Documents/js/convfix_julien_source_yaniss_07022023/vitis_tmp/link/vivado/vpl/prj/prj.ip_user_files/bd/emu/ip/emu_hmss_0_0/bd_0/ip/ip_50/sim/bd_9678_hbm_ram24_0_stub.sv" into library xil_defaultlib
INFO: [VRFC 10-311] analyzing module bd_9678_hbm_ram24_0
INFO: [VRFC 10-2263] Analyzing SystemVerilog file "/home/fpga/Documents/js/convfix_julien_source_yaniss_07022023/vitis_tmp/link/vivado/vpl/prj/prj.ip_user_files/bd/emu/ip/emu_hmss_0_0/bd_0/ip/ip_51/sim/bd_9678_xtlm_intercon_hbm24_0_stub.sv" into library xil_defaultlib
INFO: [VRFC 10-311] analyzing module bd_9678_xtlm_intercon_hbm24_0
INFO: [VRFC 10-2263] Analyzing SystemVerilog file "/home/fpga/Documents/js/convfix_julien_source_yaniss_07022023/vitis_tmp/link/vivado/vpl/prj/prj.ip_user_files/bd/emu/ip/emu_hmss_0_0/bd_0/ip/ip_52/sim/bd_9678_hbm_ram25_0_stub.sv" into library xil_defaultlib
INFO: [VRFC 10-311] analyzing module bd_9678_hbm_ram25_0
INFO: [VRFC 10-2263] Analyzing SystemVerilog file "/home/fpga/Documents/js/convfix_julien_source_yaniss_07022023/vitis_tmp/link/vivado/vpl/prj/prj.ip_user_files/bd/emu/ip/emu_hmss_0_0/bd_0/ip/ip_53/sim/bd_9678_xtlm_intercon_hbm25_0_stub.sv" into library xil_defaultlib
INFO: [VRFC 10-311] analyzing module bd_9678_xtlm_intercon_hbm25_0
INFO: [VRFC 10-2263] Analyzing SystemVerilog file "/home/fpga/Documents/js/convfix_julien_source_yaniss_07022023/vitis_tmp/link/vivado/vpl/prj/prj.ip_user_files/bd/emu/ip/emu_hmss_0_0/bd_0/ip/ip_54/sim/bd_9678_hbm_ram26_0_stub.sv" into library xil_defaultlib
INFO: [VRFC 10-311] analyzing module bd_9678_hbm_ram26_0
INFO: [VRFC 10-2263] Analyzing SystemVerilog file "/home/fpga/Documents/js/convfix_julien_source_yaniss_07022023/vitis_tmp/link/vivado/vpl/prj/prj.ip_user_files/bd/emu/ip/emu_hmss_0_0/bd_0/ip/ip_55/sim/bd_9678_xtlm_intercon_hbm26_0_stub.sv" into library xil_defaultlib
INFO: [VRFC 10-311] analyzing module bd_9678_xtlm_intercon_hbm26_0
INFO: [VRFC 10-2263] Analyzing SystemVerilog file "/home/fpga/Documents/js/convfix_julien_source_yaniss_07022023/vitis_tmp/link/vivado/vpl/prj/prj.ip_user_files/bd/emu/ip/emu_hmss_0_0/bd_0/ip/ip_56/sim/bd_9678_hbm_ram27_0_stub.sv" into library xil_defaultlib
INFO: [VRFC 10-311] analyzing module bd_9678_hbm_ram27_0
INFO: [VRFC 10-2263] Analyzing SystemVerilog file "/home/fpga/Documents/js/convfix_julien_source_yaniss_07022023/vitis_tmp/link/vivado/vpl/prj/prj.ip_user_files/bd/emu/ip/emu_hmss_0_0/bd_0/ip/ip_57/sim/bd_9678_xtlm_intercon_hbm27_0_stub.sv" into library xil_defaultlib
INFO: [VRFC 10-311] analyzing module bd_9678_xtlm_intercon_hbm27_0
INFO: [VRFC 10-2263] Analyzing SystemVerilog file "/home/fpga/Documents/js/convfix_julien_source_yaniss_07022023/vitis_tmp/link/vivado/vpl/prj/prj.ip_user_files/bd/emu/ip/emu_hmss_0_0/bd_0/ip/ip_58/sim/bd_9678_hbm_ram28_0_stub.sv" into library xil_defaultlib
INFO: [VRFC 10-311] analyzing module bd_9678_hbm_ram28_0
INFO: [VRFC 10-2263] Analyzing SystemVerilog file "/home/fpga/Documents/js/convfix_julien_source_yaniss_07022023/vitis_tmp/link/vivado/vpl/prj/prj.ip_user_files/bd/emu/ip/emu_hmss_0_0/bd_0/ip/ip_59/sim/bd_9678_xtlm_intercon_hbm28_0_stub.sv" into library xil_defaultlib
INFO: [VRFC 10-311] analyzing module bd_9678_xtlm_intercon_hbm28_0
INFO: [VRFC 10-2263] Analyzing SystemVerilog file "/home/fpga/Documents/js/convfix_julien_source_yaniss_07022023/vitis_tmp/link/vivado/vpl/prj/prj.ip_user_files/bd/emu/ip/emu_hmss_0_0/bd_0/ip/ip_60/sim/bd_9678_hbm_ram29_0_stub.sv" into library xil_defaultlib
INFO: [VRFC 10-311] analyzing module bd_9678_hbm_ram29_0
INFO: [VRFC 10-2263] Analyzing SystemVerilog file "/home/fpga/Documents/js/convfix_julien_source_yaniss_07022023/vitis_tmp/link/vivado/vpl/prj/prj.ip_user_files/bd/emu/ip/emu_hmss_0_0/bd_0/ip/ip_61/sim/bd_9678_xtlm_intercon_hbm29_0_stub.sv" into library xil_defaultlib
INFO: [VRFC 10-311] analyzing module bd_9678_xtlm_intercon_hbm29_0
INFO: [VRFC 10-2263] Analyzing SystemVerilog file "/home/fpga/Documents/js/convfix_julien_source_yaniss_07022023/vitis_tmp/link/vivado/vpl/prj/prj.ip_user_files/bd/emu/ip/emu_hmss_0_0/bd_0/ip/ip_62/sim/bd_9678_hbm_ram30_0_stub.sv" into library xil_defaultlib
INFO: [VRFC 10-311] analyzing module bd_9678_hbm_ram30_0
INFO: [VRFC 10-2263] Analyzing SystemVerilog file "/home/fpga/Documents/js/convfix_julien_source_yaniss_07022023/vitis_tmp/link/vivado/vpl/prj/prj.ip_user_files/bd/emu/ip/emu_hmss_0_0/bd_0/ip/ip_63/sim/bd_9678_xtlm_intercon_hbm30_0_stub.sv" into library xil_defaultlib
INFO: [VRFC 10-311] analyzing module bd_9678_xtlm_intercon_hbm30_0
INFO: [VRFC 10-2263] Analyzing SystemVerilog file "/home/fpga/Documents/js/convfix_julien_source_yaniss_07022023/vitis_tmp/link/vivado/vpl/prj/prj.ip_user_files/bd/emu/ip/emu_hmss_0_0/bd_0/ip/ip_64/sim/bd_9678_hbm_ram31_0_stub.sv" into library xil_defaultlib
INFO: [VRFC 10-311] analyzing module bd_9678_hbm_ram31_0
INFO: [VRFC 10-2263] Analyzing SystemVerilog file "/home/fpga/Documents/js/convfix_julien_source_yaniss_07022023/vitis_tmp/link/vivado/vpl/prj/prj.ip_user_files/bd/emu/ip/emu_hmss_0_0/bd_0/ip/ip_65/sim/bd_9678_xtlm_intercon_hbm31_0_stub.sv" into library xil_defaultlib
INFO: [VRFC 10-311] analyzing module bd_9678_xtlm_intercon_hbm31_0
INFO: [VRFC 10-2263] Analyzing SystemVerilog file "/home/fpga/Documents/js/convfix_julien_source_yaniss_07022023/vitis_tmp/link/vivado/vpl/prj/prj.ip_user_files/bd/emu/ip/emu_hmss_0_0/bd_0/ip/ip_66/sim/bd_9678_ctrl_stub_0_stub.sv" into library xil_defaultlib
INFO: [VRFC 10-311] analyzing module bd_9678_ctrl_stub_0
INFO: [VRFC 10-2263] Analyzing SystemVerilog file "/home/fpga/Documents/js/convfix_julien_source_yaniss_07022023/vitis_tmp/link/vivado/vpl/prj/prj.ip_user_files/bd/emu/ip/emu_hmss_0_0/sim/emu_hmss_0_0_stub.sv" into library xil_defaultlib
INFO: [VRFC 10-311] analyzing module emu_hmss_0_0
INFO: [VRFC 10-2263] Analyzing Verilog file "/home/fpga/Documents/js/convfix_julien_source_yaniss_07022023/vitis_tmp/link/vivado/vpl/prj/prj.ip_user_files/bd/emu/ip/emu_xlconcat_interrupt_0/sim/emu_xlconcat_interrupt_0.v" into library xil_defaultlib
INFO: [VRFC 10-311] analyzing module emu_xlconcat_interrupt_0
INFO: [VRFC 10-2263] Analyzing Verilog file "/home/fpga/Documents/js/convfix_julien_source_yaniss_07022023/vitis_tmp/link/vivado/vpl/prj/prj.ip_user_files/bd/emu/ip/emu_xlconcat_interrupt_0_0/sim/emu_xlconcat_interrupt_0_0.v" into library xil_defaultlib
INFO: [VRFC 10-311] analyzing module emu_xlconcat_interrupt_0_0
INFO: [VRFC 10-2263] Analyzing Verilog file "/home/fpga/Documents/js/convfix_julien_source_yaniss_07022023/vitis_tmp/link/vivado/vpl/prj/prj.ip_user_files/bd/emu/ip/emu_xlconcat_interrupt_1_0/sim/emu_xlconcat_interrupt_1_0.v" into library xil_defaultlib
INFO: [VRFC 10-311] analyzing module emu_xlconcat_interrupt_1_0
INFO: [VRFC 10-2263] Analyzing Verilog file "/home/fpga/Documents/js/convfix_julien_source_yaniss_07022023/vitis_tmp/link/vivado/vpl/prj/prj.ip_user_files/bd/emu/ip/emu_xlconcat_interrupt_2_0/sim/emu_xlconcat_interrupt_2_0.v" into library xil_defaultlib
INFO: [VRFC 10-311] analyzing module emu_xlconcat_interrupt_2_0
INFO: [VRFC 10-2263] Analyzing Verilog file "/home/fpga/Documents/js/convfix_julien_source_yaniss_07022023/vitis_tmp/link/vivado/vpl/prj/prj.ip_user_files/bd/emu/ip/emu_xlconcat_interrupt_3_0/sim/emu_xlconcat_interrupt_3_0.v" into library xil_defaultlib
INFO: [VRFC 10-311] analyzing module emu_xlconcat_interrupt_3_0
INFO: [VRFC 10-2263] Analyzing Verilog file "/home/fpga/Documents/js/convfix_julien_source_yaniss_07022023/vitis_tmp/link/vivado/vpl/prj/prj.ip_user_files/bd/emu/ip/emu_xlconstant_gnd_0/sim/emu_xlconstant_gnd_0.v" into library xil_defaultlib
INFO: [VRFC 10-311] analyzing module emu_xlconstant_gnd_0
INFO: [VRFC 10-2263] Analyzing Verilog file "/home/fpga/Documents/js/convfix_julien_source_yaniss_07022023/vitis_tmp/link/vivado/vpl/prj/prj.ip_user_files/bd/emu/ip/emu_xbar_3/sim/emu_xbar_3.v" into library xil_defaultlib
INFO: [VRFC 10-311] analyzing module emu_xbar_3
INFO: [VRFC 10-2263] Analyzing Verilog file "/home/fpga/Documents/js/convfix_julien_source_yaniss_07022023/vitis_tmp/link/vivado/vpl/prj/prj.ip_user_files/bd/emu/ip/emu_xbar_4/sim/emu_xbar_4.v" into library xil_defaultlib
INFO: [VRFC 10-311] analyzing module emu_xbar_4
INFO: [VRFC 10-2263] Analyzing Verilog file "/home/fpga/Documents/js/convfix_julien_source_yaniss_07022023/vitis_tmp/link/vivado/vpl/prj/prj.ip_user_files/bd/emu/ip/emu_xbar_5/sim/emu_xbar_5.v" into library xil_defaultlib
INFO: [VRFC 10-311] analyzing module emu_xbar_5
INFO: [VRFC 10-2263] Analyzing Verilog file "/home/fpga/Documents/js/convfix_julien_source_yaniss_07022023/vitis_tmp/link/vivado/vpl/prj/prj.gen/sources_1/bd/emu/ipshared/f303/hdl/verilog/conv_fixe_float_1_Block_split3_proc.v" into library xil_defaultlib
INFO: [VRFC 10-311] analyzing module conv_fixe_float_1_Block_split3_proc
INFO: [VRFC 10-2263] Analyzing Verilog file "/home/fpga/Documents/js/convfix_julien_source_yaniss_07022023/vitis_tmp/link/vivado/vpl/prj/prj.gen/sources_1/bd/emu/ipshared/f303/hdl/verilog/conv_fixe_float_1_compute_add.v" into library xil_defaultlib
INFO: [VRFC 10-311] analyzing module conv_fixe_float_1_compute_add
INFO: [VRFC 10-2263] Analyzing Verilog file "/home/fpga/Documents/js/convfix_julien_source_yaniss_07022023/vitis_tmp/link/vivado/vpl/prj/prj.gen/sources_1/bd/emu/ipshared/f303/hdl/verilog/conv_fixe_float_1_compute_add_Pipeline_execute.v" into library xil_defaultlib
INFO: [VRFC 10-311] analyzing module conv_fixe_float_1_compute_add_Pipeline_execute
INFO: [VRFC 10-2263] Analyzing Verilog file "/home/fpga/Documents/js/convfix_julien_source_yaniss_07022023/vitis_tmp/link/vivado/vpl/prj/prj.gen/sources_1/bd/emu/ipshared/f303/hdl/verilog/conv_fixe_float_1_control_s_axi.v" into library xil_defaultlib
INFO: [VRFC 10-311] analyzing module conv_fixe_float_1_control_s_axi
INFO: [VRFC 10-2263] Analyzing Verilog file "/home/fpga/Documents/js/convfix_julien_source_yaniss_07022023/vitis_tmp/link/vivado/vpl/prj/prj.gen/sources_1/bd/emu/ipshared/f303/hdl/verilog/conv_fixe_float_1_conversion.v" into library xil_defaultlib
INFO: [VRFC 10-311] analyzing module conv_fixe_float_1_conversion
INFO: [VRFC 10-2263] Analyzing Verilog file "/home/fpga/Documents/js/convfix_julien_source_yaniss_07022023/vitis_tmp/link/vivado/vpl/prj/prj.gen/sources_1/bd/emu/ipshared/f303/hdl/verilog/conv_fixe_float_1_entry_proc.v" into library xil_defaultlib
INFO: [VRFC 10-311] analyzing module conv_fixe_float_1_entry_proc
INFO: [VRFC 10-2263] Analyzing Verilog file "/home/fpga/Documents/js/convfix_julien_source_yaniss_07022023/vitis_tmp/link/vivado/vpl/prj/prj.gen/sources_1/bd/emu/ipshared/f303/hdl/verilog/conv_fixe_float_1_fifo_w30_d2_S.v" into library xil_defaultlib
INFO: [VRFC 10-311] analyzing module conv_fixe_float_1_fifo_w30_d2_S_shiftReg
INFO: [VRFC 10-311] analyzing module conv_fixe_float_1_fifo_w30_d2_S
INFO: [VRFC 10-2263] Analyzing Verilog file "/home/fpga/Documents/js/convfix_julien_source_yaniss_07022023/vitis_tmp/link/vivado/vpl/prj/prj.gen/sources_1/bd/emu/ipshared/f303/hdl/verilog/conv_fixe_float_1_fifo_w64_d5_S.v" into library xil_defaultlib
INFO: [VRFC 10-311] analyzing module conv_fixe_float_1_fifo_w64_d5_S_shiftReg
INFO: [VRFC 10-311] analyzing module conv_fixe_float_1_fifo_w64_d5_S
INFO: [VRFC 10-2263] Analyzing Verilog file "/home/fpga/Documents/js/convfix_julien_source_yaniss_07022023/vitis_tmp/link/vivado/vpl/prj/prj.gen/sources_1/bd/emu/ipshared/f303/hdl/verilog/conv_fixe_float_1_fifo_w256_d2_S.v" into library xil_defaultlib
INFO: [VRFC 10-311] analyzing module conv_fixe_float_1_fifo_w256_d2_S_shiftReg
INFO: [VRFC 10-311] analyzing module conv_fixe_float_1_fifo_w256_d2_S
INFO: [VRFC 10-2263] Analyzing Verilog file "/home/fpga/Documents/js/convfix_julien_source_yaniss_07022023/vitis_tmp/link/vivado/vpl/prj/prj.gen/sources_1/bd/emu/ipshared/f303/hdl/verilog/conv_fixe_float_1_flow_control_loop_pipe_sequential_init.v" into library xil_defaultlib
INFO: [VRFC 10-311] analyzing module conv_fixe_float_1_flow_control_loop_pipe_sequential_init
INFO: [VRFC 10-2263] Analyzing Verilog file "/home/fpga/Documents/js/convfix_julien_source_yaniss_07022023/vitis_tmp/link/vivado/vpl/prj/prj.gen/sources_1/bd/emu/ipshared/f303/hdl/verilog/conv_fixe_float_1_gmem0_m_axi.v" into library xil_defaultlib
INFO: [VRFC 10-311] analyzing module conv_fixe_float_1_gmem0_m_axi
INFO: [VRFC 10-311] analyzing module conv_fixe_float_1_gmem0_m_axi_reg_slice
INFO: [VRFC 10-311] analyzing module conv_fixe_float_1_gmem0_m_axi_fifo
INFO: [VRFC 10-311] analyzing module conv_fixe_float_1_gmem0_m_axi_buffer
INFO: [VRFC 10-311] analyzing module conv_fixe_float_1_gmem0_m_axi_decoder
INFO: [VRFC 10-311] analyzing module conv_fixe_float_1_gmem0_m_axi_throttle
INFO: [VRFC 10-311] analyzing module conv_fixe_float_1_gmem0_m_axi_read
INFO: [VRFC 10-2458] undeclared symbol buf_data_nvalid, assumed default net type wire [/home/fpga/Documents/js/convfix_julien_source_yaniss_07022023/vitis_tmp/link/vivado/vpl/prj/prj.gen/sources_1/bd/emu/ipshared/f303/hdl/verilog/conv_fixe_float_1_gmem0_m_axi.v:1652]
INFO: [VRFC 10-311] analyzing module conv_fixe_float_1_gmem0_m_axi_write
INFO: [VRFC 10-2263] Analyzing Verilog file "/home/fpga/Documents/js/convfix_julien_source_yaniss_07022023/vitis_tmp/link/vivado/vpl/prj/prj.gen/sources_1/bd/emu/ipshared/f303/hdl/verilog/conv_fixe_float_1_gmem1_m_axi.v" into library xil_defaultlib
INFO: [VRFC 10-311] analyzing module conv_fixe_float_1_gmem1_m_axi
INFO: [VRFC 10-311] analyzing module conv_fixe_float_1_gmem1_m_axi_reg_slice
INFO: [VRFC 10-311] analyzing module conv_fixe_float_1_gmem1_m_axi_fifo
INFO: [VRFC 10-311] analyzing module conv_fixe_float_1_gmem1_m_axi_buffer
INFO: [VRFC 10-311] analyzing module conv_fixe_float_1_gmem1_m_axi_decoder
INFO: [VRFC 10-311] analyzing module conv_fixe_float_1_gmem1_m_axi_throttle
INFO: [VRFC 10-311] analyzing module conv_fixe_float_1_gmem1_m_axi_read
INFO: [VRFC 10-2458] undeclared symbol buf_data_nvalid, assumed default net type wire [/home/fpga/Documents/js/convfix_julien_source_yaniss_07022023/vitis_tmp/link/vivado/vpl/prj/prj.gen/sources_1/bd/emu/ipshared/f303/hdl/verilog/conv_fixe_float_1_gmem1_m_axi.v:1652]
INFO: [VRFC 10-311] analyzing module conv_fixe_float_1_gmem1_m_axi_write
INFO: [VRFC 10-2263] Analyzing Verilog file "/home/fpga/Documents/js/convfix_julien_source_yaniss_07022023/vitis_tmp/link/vivado/vpl/prj/prj.gen/sources_1/bd/emu/ipshared/f303/hdl/verilog/conv_fixe_float_1_hls_deadlock_detection_unit.v" into library xil_defaultlib
INFO: [VRFC 10-311] analyzing module conv_fixe_float_1_hls_deadlock_detect_unit
INFO: [VRFC 10-2263] Analyzing Verilog file "/home/fpga/Documents/js/convfix_julien_source_yaniss_07022023/vitis_tmp/link/vivado/vpl/prj/prj.gen/sources_1/bd/emu/ipshared/f303/hdl/verilog/conv_fixe_float_1_load_input.v" into library xil_defaultlib
INFO: [VRFC 10-311] analyzing module conv_fixe_float_1_load_input
INFO: [VRFC 10-2263] Analyzing Verilog file "/home/fpga/Documents/js/convfix_julien_source_yaniss_07022023/vitis_tmp/link/vivado/vpl/prj/prj.gen/sources_1/bd/emu/ipshared/f303/hdl/verilog/conv_fixe_float_1_load_input_Pipeline_mem_rd.v" into library xil_defaultlib
INFO: [VRFC 10-311] analyzing module conv_fixe_float_1_load_input_Pipeline_mem_rd
INFO: [VRFC 10-2263] Analyzing Verilog file "/home/fpga/Documents/js/convfix_julien_source_yaniss_07022023/vitis_tmp/link/vivado/vpl/prj/prj.gen/sources_1/bd/emu/ipshared/f303/hdl/verilog/conv_fixe_float_1_start_for_compute_add_U0.v" into library xil_defaultlib
INFO: [VRFC 10-311] analyzing module conv_fixe_float_1_start_for_compute_add_U0_shiftReg
INFO: [VRFC 10-311] analyzing module conv_fixe_float_1_start_for_compute_add_U0
INFO: [VRFC 10-2263] Analyzing Verilog file "/home/fpga/Documents/js/convfix_julien_source_yaniss_07022023/vitis_tmp/link/vivado/vpl/prj/prj.gen/sources_1/bd/emu/ipshared/f303/hdl/verilog/conv_fixe_float_1_start_for_store_result_U0.v" into library xil_defaultlib
INFO: [VRFC 10-311] analyzing module conv_fixe_float_1_start_for_store_result_U0_shiftReg
INFO: [VRFC 10-311] analyzing module conv_fixe_float_1_start_for_store_result_U0
INFO: [VRFC 10-2263] Analyzing Verilog file "/home/fpga/Documents/js/convfix_julien_source_yaniss_07022023/vitis_tmp/link/vivado/vpl/prj/prj.gen/sources_1/bd/emu/ipshared/f303/hdl/verilog/conv_fixe_float_1_store_result.v" into library xil_defaultlib
INFO: [VRFC 10-311] analyzing module conv_fixe_float_1_store_result
INFO: [VRFC 10-2263] Analyzing Verilog file "/home/fpga/Documents/js/convfix_julien_source_yaniss_07022023/vitis_tmp/link/vivado/vpl/prj/prj.gen/sources_1/bd/emu/ipshared/f303/hdl/verilog/conv_fixe_float_1_store_result_Pipeline_mem_wr.v" into library xil_defaultlib
INFO: [VRFC 10-311] analyzing module conv_fixe_float_1_store_result_Pipeline_mem_wr
INFO: [VRFC 10-2263] Analyzing Verilog file "/home/fpga/Documents/js/convfix_julien_source_yaniss_07022023/vitis_tmp/link/vivado/vpl/prj/prj.gen/sources_1/bd/emu/ipshared/f303/hdl/verilog/conv_fixe_float_1.v" into library xil_defaultlib
INFO: [VRFC 10-311] analyzing module conv_fixe_float_1
INFO: [VRFC 10-2263] Analyzing Verilog file "/home/fpga/Documents/js/convfix_julien_source_yaniss_07022023/vitis_tmp/link/vivado/vpl/prj/prj.ip_user_files/bd/emu/ip/emu_conv_1_0/sim/emu_conv_1_0.v" into library xil_defaultlib
INFO: [VRFC 10-311] analyzing module emu_conv_1_0
INFO: [VRFC 10-2263] Analyzing Verilog file "/home/fpga/Documents/js/convfix_julien_source_yaniss_07022023/vitis_tmp/link/vivado/vpl/prj/prj.ip_user_files/bd/emu/ip/emu_conv_2_0/sim/emu_conv_2_0.v" into library xil_defaultlib
INFO: [VRFC 10-311] analyzing module emu_conv_2_0
INFO: [VRFC 10-2263] Analyzing Verilog file "/home/fpga/Documents/js/convfix_julien_source_yaniss_07022023/vitis_tmp/link/vivado/vpl/prj/prj.ip_user_files/bd/emu/ip/emu_conv_3_0/sim/emu_conv_3_0.v" into library xil_defaultlib
INFO: [VRFC 10-311] analyzing module emu_conv_3_0
INFO: [VRFC 10-2263] Analyzing Verilog file "/home/fpga/Documents/js/convfix_julien_source_yaniss_07022023/vitis_tmp/link/vivado/vpl/prj/prj.ip_user_files/bd/emu/ip/emu_xbar_8/sim/emu_xbar_8.v" into library xil_defaultlib
INFO: [VRFC 10-311] analyzing module emu_xbar_8
INFO: [VRFC 10-2263] Analyzing SystemVerilog file "/home/fpga/Documents/js/convfix_julien_source_yaniss_07022023/vitis_tmp/link/vivado/vpl/prj/prj.ip_user_files/bd/emu/ip/emu_dpa_hub_0/sim/emu_dpa_hub_0_stub.sv" into library xil_defaultlib
INFO: [VRFC 10-311] analyzing module emu_dpa_hub_0
INFO: [VRFC 10-2263] Analyzing SystemVerilog file "/home/fpga/Documents/js/convfix_julien_source_yaniss_07022023/vitis_tmp/link/vivado/vpl/prj/prj.ip_user_files/bd/emu/ip/emu_dpa_mon0_0/sim/emu_dpa_mon0_0_stub.sv" into library xil_defaultlib
INFO: [VRFC 10-311] analyzing module emu_dpa_mon0_0
INFO: [VRFC 10-2263] Analyzing SystemVerilog file "/home/fpga/Documents/js/convfix_julien_source_yaniss_07022023/vitis_tmp/link/vivado/vpl/prj/prj.ip_user_files/bd/emu/ip/emu_dpa_mon1_0/sim/emu_dpa_mon1_0_stub.sv" into library xil_defaultlib
INFO: [VRFC 10-311] analyzing module emu_dpa_mon1_0
INFO: [VRFC 10-2263] Analyzing SystemVerilog file "/home/fpga/Documents/js/convfix_julien_source_yaniss_07022023/vitis_tmp/link/vivado/vpl/prj/prj.ip_user_files/bd/emu/ip/emu_dpa_mon2_0/sim/emu_dpa_mon2_0_stub.sv" into library xil_defaultlib
INFO: [VRFC 10-311] analyzing module emu_dpa_mon2_0
INFO: [VRFC 10-2263] Analyzing SystemVerilog file "/home/fpga/Documents/js/convfix_julien_source_yaniss_07022023/vitis_tmp/link/vivado/vpl/prj/prj.ip_user_files/bd/emu/ip/emu_dpa_mon3_0/sim/emu_dpa_mon3_0_stub.sv" into library xil_defaultlib
INFO: [VRFC 10-311] analyzing module emu_dpa_mon3_0
INFO: [VRFC 10-2263] Analyzing SystemVerilog file "/home/fpga/Documents/js/convfix_julien_source_yaniss_07022023/vitis_tmp/link/vivado/vpl/prj/prj.ip_user_files/bd/emu/ip/emu_dpa_mon4_0/sim/emu_dpa_mon4_0_stub.sv" into library xil_defaultlib
INFO: [VRFC 10-311] analyzing module emu_dpa_mon4_0
INFO: [VRFC 10-2263] Analyzing SystemVerilog file "/home/fpga/Documents/js/convfix_julien_source_yaniss_07022023/vitis_tmp/link/vivado/vpl/prj/prj.ip_user_files/bd/emu/ip/emu_dpa_mon5_0/sim/emu_dpa_mon5_0_stub.sv" into library xil_defaultlib
INFO: [VRFC 10-311] analyzing module emu_dpa_mon5_0
INFO: [VRFC 10-2263] Analyzing SystemVerilog file "/home/fpga/Documents/js/convfix_julien_source_yaniss_07022023/vitis_tmp/link/vivado/vpl/prj/prj.ip_user_files/bd/emu/ip/emu_dpa_mon6_0/sim/emu_dpa_mon6_0_stub.sv" into library xil_defaultlib
INFO: [VRFC 10-311] analyzing module emu_dpa_mon6_0
INFO: [VRFC 10-2263] Analyzing SystemVerilog file "/home/fpga/Documents/js/convfix_julien_source_yaniss_07022023/vitis_tmp/link/vivado/vpl/prj/prj.ip_user_files/bd/emu/ip/emu_dpa_mon7_0/sim/emu_dpa_mon7_0_stub.sv" into library xil_defaultlib
INFO: [VRFC 10-311] analyzing module emu_dpa_mon7_0
INFO: [VRFC 10-2263] Analyzing SystemVerilog file "/home/fpga/Documents/js/convfix_julien_source_yaniss_07022023/vitis_tmp/link/vivado/vpl/prj/prj.ip_user_files/bd/emu/ip/emu_dpa_mon8_0/sim/emu_dpa_mon8_0_stub.sv" into library xil_defaultlib
INFO: [VRFC 10-311] analyzing module emu_dpa_mon8_0
INFO: [VRFC 10-2263] Analyzing Verilog file "/home/fpga/Documents/js/convfix_julien_source_yaniss_07022023/vitis_tmp/link/vivado/vpl/prj/prj.ip_user_files/bd/emu/ip/emu_xbar_9/sim/emu_xbar_9.v" into library xil_defaultlib
INFO: [VRFC 10-311] analyzing module emu_xbar_9
INFO: [VRFC 10-2263] Analyzing Verilog file "/home/fpga/Documents/js/convfix_julien_source_yaniss_07022023/vitis_tmp/link/vivado/vpl/prj/prj.ip_user_files/bd/emu/ip/emu_auto_pc_0/sim/emu_auto_pc_0.v" into library xil_defaultlib
INFO: [VRFC 10-311] analyzing module emu_auto_pc_0
INFO: [VRFC 10-2263] Analyzing Verilog file "/home/fpga/Documents/js/convfix_julien_source_yaniss_07022023/vitis_tmp/link/vivado/vpl/prj/prj.ip_user_files/bd/emu/ip/emu_auto_pc_1/sim/emu_auto_pc_1.v" into library xil_defaultlib
INFO: [VRFC 10-311] analyzing module emu_auto_pc_1
INFO: [VRFC 10-2263] Analyzing Verilog file "/home/fpga/Documents/js/convfix_julien_source_yaniss_07022023/vitis_tmp/link/vivado/vpl/prj/prj.ip_user_files/bd/emu/ip/emu_auto_pc_2/sim/emu_auto_pc_2.v" into library xil_defaultlib
INFO: [VRFC 10-311] analyzing module emu_auto_pc_2
INFO: [VRFC 10-2263] Analyzing Verilog file "/home/fpga/Documents/js/convfix_julien_source_yaniss_07022023/vitis_tmp/link/vivado/vpl/prj/prj.ip_user_files/bd/emu/ip/emu_auto_pc_3/sim/emu_auto_pc_3.v" into library xil_defaultlib
INFO: [VRFC 10-311] analyzing module emu_auto_pc_3
INFO: [VRFC 10-2263] Analyzing Verilog file "/home/fpga/Documents/js/convfix_julien_source_yaniss_07022023/vitis_tmp/link/vivado/vpl/prj/prj.ip_user_files/bd/emu/ip/emu_auto_pc_4/sim/emu_auto_pc_4.v" into library xil_defaultlib
INFO: [VRFC 10-311] analyzing module emu_auto_pc_4
INFO: [VRFC 10-2263] Analyzing Verilog file "/home/fpga/Documents/js/convfix_julien_source_yaniss_07022023/vitis_tmp/link/vivado/vpl/prj/prj.ip_user_files/bd/emu/ip/emu_m01_regslice_5/sim/emu_m01_regslice_5.v" into library xil_defaultlib
INFO: [VRFC 10-311] analyzing module emu_m01_regslice_5
INFO: [VRFC 10-2263] Analyzing Verilog file "/home/fpga/Documents/js/convfix_julien_source_yaniss_07022023/vitis_tmp/link/vivado/vpl/prj/prj.ip_user_files/bd/emu/ip/emu_auto_pc_5/sim/emu_auto_pc_5.v" into library xil_defaultlib
INFO: [VRFC 10-311] analyzing module emu_auto_pc_5
INFO: [VRFC 10-2263] Analyzing Verilog file "/home/fpga/Documents/js/convfix_julien_source_yaniss_07022023/vitis_tmp/link/vivado/vpl/prj/prj.ip_user_files/bd/emu/ip/emu_s00_regslice_0/sim/emu_s00_regslice_0.v" into library xil_defaultlib
INFO: [VRFC 10-311] analyzing module emu_s00_regslice_0
INFO: [VRFC 10-2263] Analyzing Verilog file "/home/fpga/Documents/js/convfix_julien_source_yaniss_07022023/vitis_tmp/link/vivado/vpl/prj/prj.ip_user_files/bd/emu/ip/emu_auto_pc_6/sim/emu_auto_pc_6.v" into library xil_defaultlib
INFO: [VRFC 10-311] analyzing module emu_auto_pc_6
INFO: [VRFC 10-2263] Analyzing Verilog file "/home/fpga/Documents/js/convfix_julien_source_yaniss_07022023/vitis_tmp/link/vivado/vpl/prj/prj.ip_user_files/bd/emu/ip/emu_m00_regslice_0/sim/emu_m00_regslice_0.v" into library xil_defaultlib
INFO: [VRFC 10-311] analyzing module emu_m00_regslice_0
INFO: [VRFC 10-2263] Analyzing Verilog file "/home/fpga/Documents/js/convfix_julien_source_yaniss_07022023/vitis_tmp/link/vivado/vpl/prj/prj.ip_user_files/bd/emu/ip/emu_auto_cc_0/sim/emu_auto_cc_0.v" into library xil_defaultlib
INFO: [VRFC 10-311] analyzing module emu_auto_cc_0
INFO: [VRFC 10-2263] Analyzing Verilog file "/home/fpga/Documents/js/convfix_julien_source_yaniss_07022023/vitis_tmp/link/vivado/vpl/prj/prj.ip_user_files/bd/emu/ip/emu_m01_regslice_7/sim/emu_m01_regslice_7.v" into library xil_defaultlib
INFO: [VRFC 10-311] analyzing module emu_m01_regslice_7
INFO: [VRFC 10-2263] Analyzing Verilog file "/home/fpga/Documents/js/convfix_julien_source_yaniss_07022023/vitis_tmp/link/vivado/vpl/prj/prj.ip_user_files/bd/emu/ip/emu_auto_cc_1/sim/emu_auto_cc_1.v" into library xil_defaultlib
INFO: [VRFC 10-311] analyzing module emu_auto_cc_1
INFO: [VRFC 10-2263] Analyzing Verilog file "/home/fpga/Documents/js/convfix_julien_source_yaniss_07022023/vitis_tmp/link/vivado/vpl/prj/prj.ip_user_files/bd/emu/ip/emu_m02_regslice_3/sim/emu_m02_regslice_3.v" into library xil_defaultlib
INFO: [VRFC 10-311] analyzing module emu_m02_regslice_3
INFO: [VRFC 10-2263] Analyzing Verilog file "/home/fpga/Documents/js/convfix_julien_source_yaniss_07022023/vitis_tmp/link/vivado/vpl/prj/prj.ip_user_files/bd/emu/ip/emu_auto_cc_2/sim/emu_auto_cc_2.v" into library xil_defaultlib
INFO: [VRFC 10-311] analyzing module emu_auto_cc_2
INFO: [VRFC 10-2263] Analyzing Verilog file "/home/fpga/Documents/js/convfix_julien_source_yaniss_07022023/vitis_tmp/link/vivado/vpl/prj/prj.ip_user_files/bd/emu/ip/emu_m03_regslice_3/sim/emu_m03_regslice_3.v" into library xil_defaultlib
INFO: [VRFC 10-311] analyzing module emu_m03_regslice_3
INFO: [VRFC 10-2263] Analyzing Verilog file "/home/fpga/Documents/js/convfix_julien_source_yaniss_07022023/vitis_tmp/link/vivado/vpl/prj/prj.ip_user_files/bd/emu/ip/emu_auto_cc_3/sim/emu_auto_cc_3.v" into library xil_defaultlib
INFO: [VRFC 10-311] analyzing module emu_auto_cc_3
INFO: [VRFC 10-2263] Analyzing Verilog file "/home/fpga/Documents/js/convfix_julien_source_yaniss_07022023/vitis_tmp/link/vivado/vpl/prj/prj.ip_user_files/bd/emu/ip/emu_m04_regslice_0/sim/emu_m04_regslice_0.v" into library xil_defaultlib
INFO: [VRFC 10-311] analyzing module emu_m04_regslice_0
INFO: [VRFC 10-2263] Analyzing Verilog file "/home/fpga/Documents/js/convfix_julien_source_yaniss_07022023/vitis_tmp/link/vivado/vpl/prj/prj.ip_user_files/bd/emu/ip/emu_auto_cc_4/sim/emu_auto_cc_4.v" into library xil_defaultlib
INFO: [VRFC 10-311] analyzing module emu_auto_cc_4
INFO: [VRFC 10-2263] Analyzing Verilog file "/home/fpga/Documents/js/convfix_julien_source_yaniss_07022023/vitis_tmp/link/vivado/vpl/prj/prj.ip_user_files/bd/emu/ip/emu_m05_regslice_0/sim/emu_m05_regslice_0.v" into library xil_defaultlib
INFO: [VRFC 10-311] analyzing module emu_m05_regslice_0
INFO: [VRFC 10-2263] Analyzing Verilog file "/home/fpga/Documents/js/convfix_julien_source_yaniss_07022023/vitis_tmp/link/vivado/vpl/prj/prj.ip_user_files/bd/emu/ip/emu_auto_cc_5/sim/emu_auto_cc_5.v" into library xil_defaultlib
INFO: [VRFC 10-311] analyzing module emu_auto_cc_5
INFO: [VRFC 10-2263] Analyzing Verilog file "/home/fpga/Documents/js/convfix_julien_source_yaniss_07022023/vitis_tmp/link/vivado/vpl/prj/prj.ip_user_files/bd/emu/ip/emu_m06_regslice_0/sim/emu_m06_regslice_0.v" into library xil_defaultlib
INFO: [VRFC 10-311] analyzing module emu_m06_regslice_0
INFO: [VRFC 10-2263] Analyzing Verilog file "/home/fpga/Documents/js/convfix_julien_source_yaniss_07022023/vitis_tmp/link/vivado/vpl/prj/prj.ip_user_files/bd/emu/ip/emu_auto_cc_6/sim/emu_auto_cc_6.v" into library xil_defaultlib
INFO: [VRFC 10-311] analyzing module emu_auto_cc_6
INFO: [VRFC 10-2263] Analyzing Verilog file "/home/fpga/Documents/js/convfix_julien_source_yaniss_07022023/vitis_tmp/link/vivado/vpl/prj/prj.ip_user_files/bd/emu/ip/emu_m07_regslice_0/sim/emu_m07_regslice_0.v" into library xil_defaultlib
INFO: [VRFC 10-311] analyzing module emu_m07_regslice_0
INFO: [VRFC 10-2263] Analyzing Verilog file "/home/fpga/Documents/js/convfix_julien_source_yaniss_07022023/vitis_tmp/link/vivado/vpl/prj/prj.ip_user_files/bd/emu/ip/emu_auto_cc_7/sim/emu_auto_cc_7.v" into library xil_defaultlib
INFO: [VRFC 10-311] analyzing module emu_auto_cc_7
INFO: [VRFC 10-2263] Analyzing Verilog file "/home/fpga/Documents/js/convfix_julien_source_yaniss_07022023/vitis_tmp/link/vivado/vpl/prj/prj.ip_user_files/bd/emu/ip/emu_m08_regslice_0/sim/emu_m08_regslice_0.v" into library xil_defaultlib
INFO: [VRFC 10-311] analyzing module emu_m08_regslice_0
INFO: [VRFC 10-2263] Analyzing Verilog file "/home/fpga/Documents/js/convfix_julien_source_yaniss_07022023/vitis_tmp/link/vivado/vpl/prj/prj.ip_user_files/bd/emu/ip/emu_auto_cc_8/sim/emu_auto_cc_8.v" into library xil_defaultlib
INFO: [VRFC 10-311] analyzing module emu_auto_cc_8
INFO: [VRFC 10-2263] Analyzing Verilog file "/home/fpga/Documents/js/convfix_julien_source_yaniss_07022023/vitis_tmp/link/vivado/vpl/prj/prj.ip_user_files/bd/emu/ip/emu_m09_regslice_0/sim/emu_m09_regslice_0.v" into library xil_defaultlib
INFO: [VRFC 10-311] analyzing module emu_m09_regslice_0
INFO: [VRFC 10-2263] Analyzing Verilog file "/home/fpga/Documents/js/convfix_julien_source_yaniss_07022023/vitis_tmp/link/vivado/vpl/prj/prj.ip_user_files/bd/emu/ip/emu_auto_cc_9/sim/emu_auto_cc_9.v" into library xil_defaultlib
INFO: [VRFC 10-311] analyzing module emu_auto_cc_9
INFO: [VRFC 10-2263] Analyzing Verilog file "/home/fpga/Documents/js/convfix_julien_source_yaniss_07022023/vitis_tmp/link/vivado/vpl/prj/prj.ip_user_files/bd/emu/ip/emu_m10_regslice_0/sim/emu_m10_regslice_0.v" into library xil_defaultlib
INFO: [VRFC 10-311] analyzing module emu_m10_regslice_0
INFO: [VRFC 10-2263] Analyzing Verilog file "/home/fpga/Documents/js/convfix_julien_source_yaniss_07022023/vitis_tmp/link/vivado/vpl/prj/prj.ip_user_files/bd/emu/ip/emu_auto_cc_10/sim/emu_auto_cc_10.v" into library xil_defaultlib
INFO: [VRFC 10-311] analyzing module emu_auto_cc_10
INFO: [VRFC 10-2263] Analyzing Verilog file "/home/fpga/Documents/js/convfix_julien_source_yaniss_07022023/vitis_tmp/link/vivado/vpl/prj/prj.ip_user_files/bd/emu/ip/emu_m01_regslice_6/sim/emu_m01_regslice_6.v" into library xil_defaultlib
INFO: [VRFC 10-311] analyzing module emu_m01_regslice_6
INFO: [VRFC 10-2263] Analyzing Verilog file "/home/fpga/Documents/js/convfix_julien_source_yaniss_07022023/vitis_tmp/link/vivado/vpl/prj/prj.ip_user_files/bd/emu/ip/emu_auto_cc_11/sim/emu_auto_cc_11.v" into library xil_defaultlib
INFO: [VRFC 10-311] analyzing module emu_auto_cc_11
INFO: [VRFC 10-2263] Analyzing Verilog file "/home/fpga/Documents/js/convfix_julien_source_yaniss_07022023/vitis_tmp/link/vivado/vpl/prj/prj.ip_user_files/bd/emu/ip/emu_auto_pc_7/sim/emu_auto_pc_7.v" into library xil_defaultlib
INFO: [VRFC 10-311] analyzing module emu_auto_pc_7
INFO: [VRFC 10-2263] Analyzing Verilog file "/home/fpga/Documents/js/convfix_julien_source_yaniss_07022023/vitis_tmp/link/vivado/vpl/prj/prj.ip_user_files/bd/emu/ip/emu_m02_regslice_2/sim/emu_m02_regslice_2.v" into library xil_defaultlib
INFO: [VRFC 10-311] analyzing module emu_m02_regslice_2
INFO: [VRFC 10-2263] Analyzing Verilog file "/home/fpga/Documents/js/convfix_julien_source_yaniss_07022023/vitis_tmp/link/vivado/vpl/prj/prj.ip_user_files/bd/emu/ip/emu_auto_cc_12/sim/emu_auto_cc_12.v" into library xil_defaultlib
INFO: [VRFC 10-311] analyzing module emu_auto_cc_12
INFO: [VRFC 10-2263] Analyzing Verilog file "/home/fpga/Documents/js/convfix_julien_source_yaniss_07022023/vitis_tmp/link/vivado/vpl/prj/prj.ip_user_files/bd/emu/ip/emu_auto_pc_8/sim/emu_auto_pc_8.v" into library xil_defaultlib
INFO: [VRFC 10-311] analyzing module emu_auto_pc_8
INFO: [VRFC 10-2263] Analyzing Verilog file "/home/fpga/Documents/js/convfix_julien_source_yaniss_07022023/vitis_tmp/link/vivado/vpl/prj/prj.ip_user_files/bd/emu/ip/emu_m03_regslice_2/sim/emu_m03_regslice_2.v" into library xil_defaultlib
INFO: [VRFC 10-311] analyzing module emu_m03_regslice_2
INFO: [VRFC 10-2263] Analyzing Verilog file "/home/fpga/Documents/js/convfix_julien_source_yaniss_07022023/vitis_tmp/link/vivado/vpl/prj/prj.ip_user_files/bd/emu/ip/emu_auto_cc_13/sim/emu_auto_cc_13.v" into library xil_defaultlib
INFO: [VRFC 10-311] analyzing module emu_auto_cc_13
INFO: [VRFC 10-2263] Analyzing Verilog file "/home/fpga/Documents/js/convfix_julien_source_yaniss_07022023/vitis_tmp/link/vivado/vpl/prj/prj.ip_user_files/bd/emu/ip/emu_auto_pc_9/sim/emu_auto_pc_9.v" into library xil_defaultlib
INFO: [VRFC 10-311] analyzing module emu_auto_pc_9
INFO: [VRFC 10-2263] Analyzing SystemVerilog file "/home/fpga/Documents/js/convfix_julien_source_yaniss_07022023/vitis_tmp/link/vivado/vpl/prj/prj.ip_user_files/bd/emu/sim/emu_sci_stub.sv" into library xil_defaultlib
INFO: [VRFC 10-311] analyzing module emu_sci
INFO: [VRFC 10-2263] Analyzing Verilog file "/home/fpga/Documents/js/convfix_julien_source_yaniss_07022023/vitis_tmp/link/vivado/vpl/prj/prj.ip_user_files/bd/emu/sim/emu.v" into library xil_defaultlib
INFO: [VRFC 10-311] analyzing module System_DPA_imp_SEKSXZ
INFO: [VRFC 10-311] analyzing module clk_reset_wizard_imp_1N4AMRV
INFO: [VRFC 10-311] analyzing module embedded_schedular_imp_1KU1L3J
INFO: [VRFC 10-311] analyzing module emu
INFO: [VRFC 10-311] analyzing module emu_axi_interconnect_0_0
INFO: [VRFC 10-311] analyzing module emu_connect_to_es_0
INFO: [VRFC 10-311] analyzing module emu_connect_to_es_cu_0
INFO: [VRFC 10-311] analyzing module emu_dpa_ctrl_interconnect_0
INFO: [VRFC 10-311] analyzing module emu_interconnect_axilite_user_slr1_0
INFO: [VRFC 10-311] analyzing module emu_interconnect_axilite_user_slr2_0
INFO: [VRFC 10-311] analyzing module expanded_region_resets_slr0_imp_1OTJI51
INFO: [VRFC 10-311] analyzing module expanded_region_resets_slr1_imp_RMHY40
INFO: [VRFC 10-311] analyzing module expanded_region_resets_slr2_imp_VEZZ8E
INFO: [VRFC 10-311] analyzing module interrupt_concat_imp_14CZY9A
INFO: [VRFC 10-311] analyzing module m00_couplers_imp_1J2QOWN
INFO: [VRFC 10-311] analyzing module m00_couplers_imp_1R6TU9P
INFO: [VRFC 10-311] analyzing module m00_couplers_imp_ICFMO4
INFO: [VRFC 10-311] analyzing module m00_couplers_imp_RRY9FI
INFO: [VRFC 10-311] analyzing module m00_couplers_imp_THO9J8
INFO: [VRFC 10-311] analyzing module m01_couplers_imp_189JRWH
INFO: [VRFC 10-311] analyzing module m01_couplers_imp_1F0NE0X
INFO: [VRFC 10-311] analyzing module m01_couplers_imp_1FHFKJF
INFO: [VRFC 10-311] analyzing module m01_couplers_imp_7QT8NM
INFO: [VRFC 10-311] analyzing module m01_couplers_imp_H908VS
INFO: [VRFC 10-311] analyzing module m02_couplers_imp_10LC112
INFO: [VRFC 10-311] analyzing module m02_couplers_imp_16Q9V9
INFO: [VRFC 10-311] analyzing module m02_couplers_imp_2SPS0F
INFO: [VRFC 10-311] analyzing module m02_couplers_imp_9I7M4V
INFO: [VRFC 10-311] analyzing module m03_couplers_imp_1OFQK8G
INFO: [VRFC 10-311] analyzing module m03_couplers_imp_1YZEQFE
INFO: [VRFC 10-311] analyzing module m04_couplers_imp_1092B6A
INFO: [VRFC 10-311] analyzing module m05_couplers_imp_QEUZYV
INFO: [VRFC 10-311] analyzing module m06_couplers_imp_1QZA3IX
INFO: [VRFC 10-311] analyzing module m07_couplers_imp_HLJT24
INFO: [VRFC 10-311] analyzing module m08_couplers_imp_6OW9GP
INFO: [VRFC 10-311] analyzing module m09_couplers_imp_1IT7LNW
INFO: [VRFC 10-311] analyzing module m10_couplers_imp_1PW6I9E
INFO: [VRFC 10-311] analyzing module s00_couplers_imp_1I78I2M
INFO: [VRFC 10-311] analyzing module s00_couplers_imp_1KW31TW
INFO: [VRFC 10-311] analyzing module s00_couplers_imp_1T7YMYM
INFO: [VRFC 10-311] analyzing module s00_couplers_imp_6ZUQIR
INFO: [VRFC 10-311] analyzing module s00_couplers_imp_KPWTON
INFO: [VRFC 10-311] analyzing module s00_couplers_imp_UX2T9P
INFO: [VRFC 10-311] analyzing module s01_couplers_imp_1DNO9BC
INFO: [VRFC 10-311] analyzing module s01_couplers_imp_8JQCQJ
INFO: [VRFC 10-311] analyzing module s02_couplers_imp_47SKBQ
INFO: [VRFC 10-311] analyzing module s03_couplers_imp_1MG1X0J
INFO: [VRFC 10-311] analyzing module static_region_imp_PT295H
INFO: [VRFC 10-2263] Analyzing Verilog file "/home/fpga/Documents/js/convfix_julien_source_yaniss_07022023/vitis_tmp/link/vivado/vpl/prj/prj.gen/sources_1/bd/emu/hdl/emu_wrapper.v" into library xil_defaultlib
INFO: [VRFC 10-311] analyzing module emu_wrapper
INFO: [VRFC 10-2263] Analyzing Verilog file "/home/fpga/Documents/js/convfix_julien_source_yaniss_07022023/vitis_tmp/link/vivado/vpl/prj/prj.sim/sim_1/behav_waveform/xsim/glbl.v" into library xil_defaultlib
INFO: [VRFC 10-311] analyzing module glbl
